ARM GAS  C:\Users\PRAJWA~1\AppData\Local\Temp\ccjsvwir.s 			page 1


   1              		.syntax unified
   2              		.cpu cortex-m0
   3              		.fpu softvfp
   4              		.eabi_attribute 20, 1
   5              		.eabi_attribute 21, 1
   6              		.eabi_attribute 23, 3
   7              		.eabi_attribute 24, 1
   8              		.eabi_attribute 25, 1
   9              		.eabi_attribute 26, 1
  10              		.eabi_attribute 30, 1
  11              		.eabi_attribute 34, 0
  12              		.eabi_attribute 18, 4
  13              		.thumb
  14              		.syntax unified
  15              		.file	"Mux_CapSense_Tuner.c"
  16              		.text
  17              	.Ltext0:
  18              		.cfi_sections	.debug_frame
  19              		.section	.text.Mux_CapSense_TuInitialize,"ax",%progbits
  20              		.align	2
  21              		.global	Mux_CapSense_TuInitialize
  22              		.code	16
  23              		.thumb_func
  24              		.type	Mux_CapSense_TuInitialize, %function
  25              	Mux_CapSense_TuInitialize:
  26              	.LFB1:
  27              		.file 1 "Generated_Source\\PSoC4\\Mux_CapSense_Tuner.c"
   1:Generated_Source\PSoC4/Mux_CapSense_Tuner.c **** /***************************************************************************//**
   2:Generated_Source\PSoC4/Mux_CapSense_Tuner.c **** * \file Mux_CapSense_Tuner.c
   3:Generated_Source\PSoC4/Mux_CapSense_Tuner.c **** * \version 7.10
   4:Generated_Source\PSoC4/Mux_CapSense_Tuner.c **** *
   5:Generated_Source\PSoC4/Mux_CapSense_Tuner.c **** * \brief
   6:Generated_Source\PSoC4/Mux_CapSense_Tuner.c **** *   This file provides the source code for the Tuner module API of the Component.
   7:Generated_Source\PSoC4/Mux_CapSense_Tuner.c **** *
   8:Generated_Source\PSoC4/Mux_CapSense_Tuner.c **** * \see Mux_CapSense v7.10 Datasheet
   9:Generated_Source\PSoC4/Mux_CapSense_Tuner.c **** *
  10:Generated_Source\PSoC4/Mux_CapSense_Tuner.c **** *//*****************************************************************************
  11:Generated_Source\PSoC4/Mux_CapSense_Tuner.c **** * Copyright (2016-2019), Cypress Semiconductor Corporation.
  12:Generated_Source\PSoC4/Mux_CapSense_Tuner.c **** ********************************************************************************
  13:Generated_Source\PSoC4/Mux_CapSense_Tuner.c **** * This software is owned by Cypress Semiconductor Corporation (Cypress) and is
  14:Generated_Source\PSoC4/Mux_CapSense_Tuner.c **** * protected by and subject to worldwide patent protection (United States and
  15:Generated_Source\PSoC4/Mux_CapSense_Tuner.c **** * foreign), United States copyright laws and international treaty provisions.
  16:Generated_Source\PSoC4/Mux_CapSense_Tuner.c **** * Cypress hereby grants to licensee a personal, non-exclusive, non-transferable
  17:Generated_Source\PSoC4/Mux_CapSense_Tuner.c **** * license to copy, use, modify, create derivative works of, and compile the
  18:Generated_Source\PSoC4/Mux_CapSense_Tuner.c **** * Cypress Source Code and derivative works for the sole purpose of creating
  19:Generated_Source\PSoC4/Mux_CapSense_Tuner.c **** * custom software in support of licensee product to be used only in conjunction
  20:Generated_Source\PSoC4/Mux_CapSense_Tuner.c **** * with a Cypress integrated circuit as specified in the applicable agreement.
  21:Generated_Source\PSoC4/Mux_CapSense_Tuner.c **** * Any reproduction, modification, translation, compilation, or representation of
  22:Generated_Source\PSoC4/Mux_CapSense_Tuner.c **** * this software except as specified above is prohibited without the express
  23:Generated_Source\PSoC4/Mux_CapSense_Tuner.c **** * written permission of Cypress.
  24:Generated_Source\PSoC4/Mux_CapSense_Tuner.c **** *
  25:Generated_Source\PSoC4/Mux_CapSense_Tuner.c **** * Disclaimer: CYPRESS MAKES NO WARRANTY OF ANY KIND, EXPRESS OR IMPLIED, WITH
  26:Generated_Source\PSoC4/Mux_CapSense_Tuner.c **** * REGARD TO THIS MATERIAL, INCLUDING, BUT NOT LIMITED TO, THE IMPLIED
  27:Generated_Source\PSoC4/Mux_CapSense_Tuner.c **** * WARRANTIES OF MERCHANTABILITY AND FITNESS FOR A PARTICULAR PURPOSE.
  28:Generated_Source\PSoC4/Mux_CapSense_Tuner.c **** * Cypress reserves the right to make changes without further notice to the
  29:Generated_Source\PSoC4/Mux_CapSense_Tuner.c **** * materials described herein. Cypress does not assume any liability arising out
  30:Generated_Source\PSoC4/Mux_CapSense_Tuner.c **** * of the application or use of any product or circuit described herein. Cypress
ARM GAS  C:\Users\PRAJWA~1\AppData\Local\Temp\ccjsvwir.s 			page 2


  31:Generated_Source\PSoC4/Mux_CapSense_Tuner.c **** * does not authorize its products for use as critical components in life-support
  32:Generated_Source\PSoC4/Mux_CapSense_Tuner.c **** * systems where a malfunction or failure may reasonably be expected to result in
  33:Generated_Source\PSoC4/Mux_CapSense_Tuner.c **** * significant injury to the user. The inclusion of Cypress' product in a life-
  34:Generated_Source\PSoC4/Mux_CapSense_Tuner.c **** * support systems application implies that the manufacturer assumes all risk of
  35:Generated_Source\PSoC4/Mux_CapSense_Tuner.c **** * such use and in doing so indemnifies Cypress against all charges. Use may be
  36:Generated_Source\PSoC4/Mux_CapSense_Tuner.c **** * limited by and subject to the applicable Cypress software license agreement.
  37:Generated_Source\PSoC4/Mux_CapSense_Tuner.c **** *******************************************************************************/
  38:Generated_Source\PSoC4/Mux_CapSense_Tuner.c **** 
  39:Generated_Source\PSoC4/Mux_CapSense_Tuner.c **** #include "cytypes.h"
  40:Generated_Source\PSoC4/Mux_CapSense_Tuner.c **** #include "CyLib.h"
  41:Generated_Source\PSoC4/Mux_CapSense_Tuner.c **** #include "Mux_CapSense_Structure.h"
  42:Generated_Source\PSoC4/Mux_CapSense_Tuner.c **** #include "Mux_CapSense_Tuner.h"
  43:Generated_Source\PSoC4/Mux_CapSense_Tuner.c **** #include "Mux_CapSense_Control.h"
  44:Generated_Source\PSoC4/Mux_CapSense_Tuner.c **** #include "Mux_CapSense_Configuration.h"
  45:Generated_Source\PSoC4/Mux_CapSense_Tuner.c **** 
  46:Generated_Source\PSoC4/Mux_CapSense_Tuner.c **** /* Tuner states definition */
  47:Generated_Source\PSoC4/Mux_CapSense_Tuner.c **** #define TU_FSM_RUNNING      (0u)
  48:Generated_Source\PSoC4/Mux_CapSense_Tuner.c **** #define TU_FSM_SUSPENDED    (1u)
  49:Generated_Source\PSoC4/Mux_CapSense_Tuner.c **** #define TU_FSM_SNR_TEST     (2u)
  50:Generated_Source\PSoC4/Mux_CapSense_Tuner.c **** #define TU_FSM_ONE_SCAN     (3u)
  51:Generated_Source\PSoC4/Mux_CapSense_Tuner.c **** 
  52:Generated_Source\PSoC4/Mux_CapSense_Tuner.c **** /* Tuner state variable */
  53:Generated_Source\PSoC4/Mux_CapSense_Tuner.c **** static uint32 tunerFsm = TU_FSM_RUNNING;
  54:Generated_Source\PSoC4/Mux_CapSense_Tuner.c **** 
  55:Generated_Source\PSoC4/Mux_CapSense_Tuner.c **** 
  56:Generated_Source\PSoC4/Mux_CapSense_Tuner.c **** /*******************************************************************************
  57:Generated_Source\PSoC4/Mux_CapSense_Tuner.c **** * Function Name: Mux_CapSense_TuInitialize
  58:Generated_Source\PSoC4/Mux_CapSense_Tuner.c **** ****************************************************************************//**
  59:Generated_Source\PSoC4/Mux_CapSense_Tuner.c **** *
  60:Generated_Source\PSoC4/Mux_CapSense_Tuner.c **** * \brief
  61:Generated_Source\PSoC4/Mux_CapSense_Tuner.c **** *   This function initializes the communication interface with the Tuner GUI.
  62:Generated_Source\PSoC4/Mux_CapSense_Tuner.c **** *
  63:Generated_Source\PSoC4/Mux_CapSense_Tuner.c **** * \details
  64:Generated_Source\PSoC4/Mux_CapSense_Tuner.c **** *   This API sets the tuner state machine to the default state. It is called by
  65:Generated_Source\PSoC4/Mux_CapSense_Tuner.c **** *   the Mux_CapSense_Start() API.
  66:Generated_Source\PSoC4/Mux_CapSense_Tuner.c **** *
  67:Generated_Source\PSoC4/Mux_CapSense_Tuner.c **** *******************************************************************************/
  68:Generated_Source\PSoC4/Mux_CapSense_Tuner.c **** void Mux_CapSense_TuInitialize(void)
  69:Generated_Source\PSoC4/Mux_CapSense_Tuner.c **** {
  28              		.loc 1 69 0
  29              		.cfi_startproc
  30              		@ args = 0, pretend = 0, frame = 0
  31              		@ frame_needed = 0, uses_anonymous_args = 0
  32              		@ link register save eliminated.
  33              	.LVL0:
  70:Generated_Source\PSoC4/Mux_CapSense_Tuner.c ****     volatile Mux_CapSense_RAM_STRUCT *ptrDsRam = &Mux_CapSense_dsRam;
  71:Generated_Source\PSoC4/Mux_CapSense_Tuner.c **** 
  72:Generated_Source\PSoC4/Mux_CapSense_Tuner.c ****     ptrDsRam->tunerCmd = (uint16)Mux_CapSense_TU_CMD_NONE_E;
  34              		.loc 1 72 0
  35 0000 0023     		movs	r3, #0
  36 0002 024A     		ldr	r2, .L2
  37 0004 D380     		strh	r3, [r2, #6]
  73:Generated_Source\PSoC4/Mux_CapSense_Tuner.c ****     tunerFsm = TU_FSM_RUNNING;
  38              		.loc 1 73 0
  39 0006 024A     		ldr	r2, .L2+4
  40 0008 1360     		str	r3, [r2]
  74:Generated_Source\PSoC4/Mux_CapSense_Tuner.c **** }
ARM GAS  C:\Users\PRAJWA~1\AppData\Local\Temp\ccjsvwir.s 			page 3


  41              		.loc 1 74 0
  42              		@ sp needed
  43 000a 7047     		bx	lr
  44              	.L3:
  45              		.align	2
  46              	.L2:
  47 000c 00000000 		.word	Mux_CapSense_dsRam
  48 0010 00000000 		.word	.LANCHOR0
  49              		.cfi_endproc
  50              	.LFE1:
  51              		.size	Mux_CapSense_TuInitialize, .-Mux_CapSense_TuInitialize
  52              		.section	.text.Mux_CapSense_RunTuner,"ax",%progbits
  53              		.align	2
  54              		.global	Mux_CapSense_RunTuner
  55              		.code	16
  56              		.thumb_func
  57              		.type	Mux_CapSense_RunTuner, %function
  58              	Mux_CapSense_RunTuner:
  59              	.LFB2:
  75:Generated_Source\PSoC4/Mux_CapSense_Tuner.c **** 
  76:Generated_Source\PSoC4/Mux_CapSense_Tuner.c **** /*******************************************************************************
  77:Generated_Source\PSoC4/Mux_CapSense_Tuner.c **** * Function Name: Mux_CapSense_RunTuner
  78:Generated_Source\PSoC4/Mux_CapSense_Tuner.c **** ****************************************************************************//**
  79:Generated_Source\PSoC4/Mux_CapSense_Tuner.c **** *
  80:Generated_Source\PSoC4/Mux_CapSense_Tuner.c **** * \brief
  81:Generated_Source\PSoC4/Mux_CapSense_Tuner.c **** *  Establishes synchronized communication with the Tuner application.
  82:Generated_Source\PSoC4/Mux_CapSense_Tuner.c **** *
  83:Generated_Source\PSoC4/Mux_CapSense_Tuner.c **** * \details
  84:Generated_Source\PSoC4/Mux_CapSense_Tuner.c **** *  This function is used to establish synchronized communication between the
  85:Generated_Source\PSoC4/Mux_CapSense_Tuner.c **** *  Mux_CapSense Component and Tuner application (or other host controllers).
  86:Generated_Source\PSoC4/Mux_CapSense_Tuner.c **** *  This function is called periodically in the application program loop
  87:Generated_Source\PSoC4/Mux_CapSense_Tuner.c **** *  to serve the Tuner application (or host controller) requests and commands.
  88:Generated_Source\PSoC4/Mux_CapSense_Tuner.c **** *  In most cases, the best place to call this function is after processing and
  89:Generated_Source\PSoC4/Mux_CapSense_Tuner.c **** *  before next scanning.
  90:Generated_Source\PSoC4/Mux_CapSense_Tuner.c **** *
  91:Generated_Source\PSoC4/Mux_CapSense_Tuner.c **** *  If this function is absent in the application program, then communication is
  92:Generated_Source\PSoC4/Mux_CapSense_Tuner.c **** *  asynchronous and the following disadvantages are applicable:
  93:Generated_Source\PSoC4/Mux_CapSense_Tuner.c **** *    - The raw counts displayed in the tuner may be filtered and/or unfiltered.
  94:Generated_Source\PSoC4/Mux_CapSense_Tuner.c **** *      As a result, noise and SNR measurements will not be accurate.
  95:Generated_Source\PSoC4/Mux_CapSense_Tuner.c **** *    - The Tuner tool may read the sensor data such as raw counts from a scan
  96:Generated_Source\PSoC4/Mux_CapSense_Tuner.c **** *      multiple times, as a result, noise and SNR measurement will not be
  97:Generated_Source\PSoC4/Mux_CapSense_Tuner.c **** *      accurate.
  98:Generated_Source\PSoC4/Mux_CapSense_Tuner.c **** *    - The Tuner tool and host controller should not change the Component parameters
  99:Generated_Source\PSoC4/Mux_CapSense_Tuner.c **** *      via the tuner interface. Changing the Component parameters via the tuner
 100:Generated_Source\PSoC4/Mux_CapSense_Tuner.c **** *      interface in the async mode will result in Component abnormal behavior.
 101:Generated_Source\PSoC4/Mux_CapSense_Tuner.c **** *
 102:Generated_Source\PSoC4/Mux_CapSense_Tuner.c **** *  Note that calling this function is not mandatory for the application, but
 103:Generated_Source\PSoC4/Mux_CapSense_Tuner.c **** *  required only to synchronize the communication with the host controller or
 104:Generated_Source\PSoC4/Mux_CapSense_Tuner.c **** *  tuner application.
 105:Generated_Source\PSoC4/Mux_CapSense_Tuner.c **** *
 106:Generated_Source\PSoC4/Mux_CapSense_Tuner.c **** * \return
 107:Generated_Source\PSoC4/Mux_CapSense_Tuner.c **** *  In some cases, the application program may need to know if the Component was
 108:Generated_Source\PSoC4/Mux_CapSense_Tuner.c **** *  re-initialized. The return indicates if a restart command was executed or not:
 109:Generated_Source\PSoC4/Mux_CapSense_Tuner.c **** *    - Mux_CapSense_STATUS_RESTART_DONE - Based on a received command, the
 110:Generated_Source\PSoC4/Mux_CapSense_Tuner.c **** *      Component was restarted.
 111:Generated_Source\PSoC4/Mux_CapSense_Tuner.c **** *    -  Mux_CapSense_STATUS_RESTART_NONE - No restart was executed by this
 112:Generated_Source\PSoC4/Mux_CapSense_Tuner.c **** *      function.
ARM GAS  C:\Users\PRAJWA~1\AppData\Local\Temp\ccjsvwir.s 			page 4


 113:Generated_Source\PSoC4/Mux_CapSense_Tuner.c **** *
 114:Generated_Source\PSoC4/Mux_CapSense_Tuner.c **** *******************************************************************************/
 115:Generated_Source\PSoC4/Mux_CapSense_Tuner.c **** uint32 Mux_CapSense_RunTuner(void)
 116:Generated_Source\PSoC4/Mux_CapSense_Tuner.c **** {
  60              		.loc 1 116 0
  61              		.cfi_startproc
  62              		@ args = 0, pretend = 0, frame = 0
  63              		@ frame_needed = 0, uses_anonymous_args = 0
  64 0000 70B5     		push	{r4, r5, r6, lr}
  65              		.cfi_def_cfa_offset 16
  66              		.cfi_offset 4, -16
  67              		.cfi_offset 5, -12
  68              		.cfi_offset 6, -8
  69              		.cfi_offset 14, -4
  70              	.LVL1:
 117:Generated_Source\PSoC4/Mux_CapSense_Tuner.c ****     uint8 interruptState;
 118:Generated_Source\PSoC4/Mux_CapSense_Tuner.c ****     uint32 widgetId;
 119:Generated_Source\PSoC4/Mux_CapSense_Tuner.c ****     uint32 sensorId;
 120:Generated_Source\PSoC4/Mux_CapSense_Tuner.c ****     uint32 updateFlag = 0Lu;
 121:Generated_Source\PSoC4/Mux_CapSense_Tuner.c ****     Mux_CapSense_TU_CMD_ENUM command;
 122:Generated_Source\PSoC4/Mux_CapSense_Tuner.c ****     uint32 tunerStatus = Mux_CapSense_STATUS_RESTART_NONE;
  71              		.loc 1 122 0
  72 0002 0025     		movs	r5, #0
 120:Generated_Source\PSoC4/Mux_CapSense_Tuner.c ****     Mux_CapSense_TU_CMD_ENUM command;
  73              		.loc 1 120 0
  74 0004 0026     		movs	r6, #0
  75              	.LVL2:
  76              	.L16:
 123:Generated_Source\PSoC4/Mux_CapSense_Tuner.c **** 
 124:Generated_Source\PSoC4/Mux_CapSense_Tuner.c ****     volatile Mux_CapSense_RAM_STRUCT *ptrDsRam;
 125:Generated_Source\PSoC4/Mux_CapSense_Tuner.c ****     volatile Mux_CapSense_RAM_SNS_STRUCT *ptrSnsTmp;
 126:Generated_Source\PSoC4/Mux_CapSense_Tuner.c **** 
 127:Generated_Source\PSoC4/Mux_CapSense_Tuner.c ****     ptrDsRam = &Mux_CapSense_dsRam;
 128:Generated_Source\PSoC4/Mux_CapSense_Tuner.c **** 
 129:Generated_Source\PSoC4/Mux_CapSense_Tuner.c ****     do
 130:Generated_Source\PSoC4/Mux_CapSense_Tuner.c ****     {
 131:Generated_Source\PSoC4/Mux_CapSense_Tuner.c ****         /* ONE_SCAN command could be interpreted as two commands:
 132:Generated_Source\PSoC4/Mux_CapSense_Tuner.c ****         * RESUME till next call of this function and then
 133:Generated_Source\PSoC4/Mux_CapSense_Tuner.c ****         * SUSPEND till next command receiving.
 134:Generated_Source\PSoC4/Mux_CapSense_Tuner.c ****         */
 135:Generated_Source\PSoC4/Mux_CapSense_Tuner.c ****         if (TU_FSM_ONE_SCAN == tunerFsm)
  77              		.loc 1 135 0
  78 0006 3D4B     		ldr	r3, .L18
  79 0008 1B68     		ldr	r3, [r3]
  80 000a 032B     		cmp	r3, #3
  81 000c 06D1     		bne	.L5
 136:Generated_Source\PSoC4/Mux_CapSense_Tuner.c ****         {
 137:Generated_Source\PSoC4/Mux_CapSense_Tuner.c ****             interruptState = CyEnterCriticalSection();
  82              		.loc 1 137 0
  83 000e FFF7FEFF 		bl	CyEnterCriticalSection
  84              	.LVL3:
 138:Generated_Source\PSoC4/Mux_CapSense_Tuner.c ****             ptrDsRam->tunerCmd = (uint16)Mux_CapSense_TU_CMD_SUSPEND_E;
  85              		.loc 1 138 0
  86 0012 0122     		movs	r2, #1
  87 0014 3A4B     		ldr	r3, .L18+4
  88 0016 DA80     		strh	r2, [r3, #6]
 139:Generated_Source\PSoC4/Mux_CapSense_Tuner.c ****             CyExitCriticalSection(interruptState);
ARM GAS  C:\Users\PRAJWA~1\AppData\Local\Temp\ccjsvwir.s 			page 5


  89              		.loc 1 139 0
  90 0018 FFF7FEFF 		bl	CyExitCriticalSection
  91              	.LVL4:
  92              	.L5:
 140:Generated_Source\PSoC4/Mux_CapSense_Tuner.c ****         }
 141:Generated_Source\PSoC4/Mux_CapSense_Tuner.c ****         command = (Mux_CapSense_TU_CMD_ENUM)ptrDsRam->tunerCmd;
  93              		.loc 1 141 0
  94 001c 384B     		ldr	r3, .L18+4
  95 001e DC88     		ldrh	r4, [r3, #6]
  96 0020 E4B2     		uxtb	r4, r4
  97              	.LVL5:
 142:Generated_Source\PSoC4/Mux_CapSense_Tuner.c **** 
 143:Generated_Source\PSoC4/Mux_CapSense_Tuner.c ****         /* Check command register */
 144:Generated_Source\PSoC4/Mux_CapSense_Tuner.c ****         switch (command)
  98              		.loc 1 144 0
  99 0022 062C     		cmp	r4, #6
 100 0024 23D8     		bhi	.L6
 101 0026 A300     		lsls	r3, r4, #2
 102 0028 364A     		ldr	r2, .L18+8
 103 002a D358     		ldr	r3, [r2, r3]
 104 002c 9F46     		mov	pc, r3
 105              		.section	.rodata
 106              		.align	2
 107              	.L8:
 108 0000 6E000000 		.word	.L6
 109 0004 2E000000 		.word	.L7
 110 0008 38000000 		.word	.L9
 111 000c 42000000 		.word	.L10
 112 0010 52000000 		.word	.L11
 113 0014 5C000000 		.word	.L12
 114 0018 66000000 		.word	.L13
 115              		.section	.text.Mux_CapSense_RunTuner
 116              	.L7:
 145:Generated_Source\PSoC4/Mux_CapSense_Tuner.c ****         {
 146:Generated_Source\PSoC4/Mux_CapSense_Tuner.c ****         case Mux_CapSense_TU_CMD_SUSPEND_E:
 147:Generated_Source\PSoC4/Mux_CapSense_Tuner.c ****             tunerFsm = TU_FSM_SUSPENDED;
 117              		.loc 1 147 0
 118 002e 0122     		movs	r2, #1
 119 0030 324B     		ldr	r3, .L18
 120 0032 1A60     		str	r2, [r3]
 121              	.LVL6:
 148:Generated_Source\PSoC4/Mux_CapSense_Tuner.c ****             updateFlag = 1Lu;
 122              		.loc 1 148 0
 123 0034 0126     		movs	r6, #1
 149:Generated_Source\PSoC4/Mux_CapSense_Tuner.c ****             break;
 124              		.loc 1 149 0
 125 0036 1AE0     		b	.L6
 126              	.LVL7:
 127              	.L9:
 150:Generated_Source\PSoC4/Mux_CapSense_Tuner.c **** 
 151:Generated_Source\PSoC4/Mux_CapSense_Tuner.c ****         case Mux_CapSense_TU_CMD_RESUME_E:
 152:Generated_Source\PSoC4/Mux_CapSense_Tuner.c ****             tunerFsm = TU_FSM_RUNNING;
 128              		.loc 1 152 0
 129 0038 0022     		movs	r2, #0
 130 003a 304B     		ldr	r3, .L18
 131 003c 1A60     		str	r2, [r3]
 132              	.LVL8:
ARM GAS  C:\Users\PRAJWA~1\AppData\Local\Temp\ccjsvwir.s 			page 6


 153:Generated_Source\PSoC4/Mux_CapSense_Tuner.c ****             updateFlag = 1Lu;
 133              		.loc 1 153 0
 134 003e 0126     		movs	r6, #1
 154:Generated_Source\PSoC4/Mux_CapSense_Tuner.c ****             break;
 135              		.loc 1 154 0
 136 0040 15E0     		b	.L6
 137              	.LVL9:
 138              	.L10:
 155:Generated_Source\PSoC4/Mux_CapSense_Tuner.c **** 
 156:Generated_Source\PSoC4/Mux_CapSense_Tuner.c ****         case Mux_CapSense_TU_CMD_RESTART_E:
 157:Generated_Source\PSoC4/Mux_CapSense_Tuner.c ****             (void)Mux_CapSense_Start();
 139              		.loc 1 157 0
 140 0042 FFF7FEFF 		bl	Mux_CapSense_Start
 141              	.LVL10:
 158:Generated_Source\PSoC4/Mux_CapSense_Tuner.c ****             tunerStatus = Mux_CapSense_STATUS_RESTART_DONE;
 159:Generated_Source\PSoC4/Mux_CapSense_Tuner.c ****             tunerFsm = TU_FSM_RUNNING;
 142              		.loc 1 159 0
 143 0046 0022     		movs	r2, #0
 144 0048 2C4B     		ldr	r3, .L18
 145 004a 1A60     		str	r2, [r3]
 146              	.LVL11:
 158:Generated_Source\PSoC4/Mux_CapSense_Tuner.c ****             tunerStatus = Mux_CapSense_STATUS_RESTART_DONE;
 147              		.loc 1 158 0
 148 004c 0125     		movs	r5, #1
 160:Generated_Source\PSoC4/Mux_CapSense_Tuner.c ****             updateFlag = 1Lu;
 149              		.loc 1 160 0
 150 004e 0126     		movs	r6, #1
 161:Generated_Source\PSoC4/Mux_CapSense_Tuner.c ****             break;
 151              		.loc 1 161 0
 152 0050 0DE0     		b	.L6
 153              	.LVL12:
 154              	.L11:
 162:Generated_Source\PSoC4/Mux_CapSense_Tuner.c **** 
 163:Generated_Source\PSoC4/Mux_CapSense_Tuner.c ****         case Mux_CapSense_TU_CMD_RUN_SNR_TEST_E:
 164:Generated_Source\PSoC4/Mux_CapSense_Tuner.c ****             tunerFsm = TU_FSM_SNR_TEST;
 155              		.loc 1 164 0
 156 0052 0222     		movs	r2, #2
 157 0054 294B     		ldr	r3, .L18
 158 0056 1A60     		str	r2, [r3]
 159              	.LVL13:
 165:Generated_Source\PSoC4/Mux_CapSense_Tuner.c ****             updateFlag = 1Lu;
 160              		.loc 1 165 0
 161 0058 0126     		movs	r6, #1
 166:Generated_Source\PSoC4/Mux_CapSense_Tuner.c ****             break;
 162              		.loc 1 166 0
 163 005a 08E0     		b	.L6
 164              	.LVL14:
 165              	.L12:
 167:Generated_Source\PSoC4/Mux_CapSense_Tuner.c **** 
 168:Generated_Source\PSoC4/Mux_CapSense_Tuner.c ****         case Mux_CapSense_TU_CMD_PING_E:
 169:Generated_Source\PSoC4/Mux_CapSense_Tuner.c ****             tunerFsm = TU_FSM_RUNNING;
 166              		.loc 1 169 0
 167 005c 0022     		movs	r2, #0
 168 005e 274B     		ldr	r3, .L18
 169 0060 1A60     		str	r2, [r3]
 170              	.LVL15:
 170:Generated_Source\PSoC4/Mux_CapSense_Tuner.c ****             updateFlag = 1Lu;
ARM GAS  C:\Users\PRAJWA~1\AppData\Local\Temp\ccjsvwir.s 			page 7


 171              		.loc 1 170 0
 172 0062 0126     		movs	r6, #1
 171:Generated_Source\PSoC4/Mux_CapSense_Tuner.c ****             break;
 173              		.loc 1 171 0
 174 0064 03E0     		b	.L6
 175              	.LVL16:
 176              	.L13:
 172:Generated_Source\PSoC4/Mux_CapSense_Tuner.c **** 
 173:Generated_Source\PSoC4/Mux_CapSense_Tuner.c ****         case Mux_CapSense_TU_CMD_ONE_SCAN_E:
 174:Generated_Source\PSoC4/Mux_CapSense_Tuner.c ****             tunerFsm = TU_FSM_ONE_SCAN;
 177              		.loc 1 174 0
 178 0066 0322     		movs	r2, #3
 179 0068 244B     		ldr	r3, .L18
 180 006a 1A60     		str	r2, [r3]
 181              	.LVL17:
 175:Generated_Source\PSoC4/Mux_CapSense_Tuner.c ****             updateFlag = 0Lu;
 182              		.loc 1 175 0
 183 006c 0026     		movs	r6, #0
 184              	.LVL18:
 185              	.L6:
 176:Generated_Source\PSoC4/Mux_CapSense_Tuner.c ****             break;
 177:Generated_Source\PSoC4/Mux_CapSense_Tuner.c **** 
 178:Generated_Source\PSoC4/Mux_CapSense_Tuner.c ****         default:
 179:Generated_Source\PSoC4/Mux_CapSense_Tuner.c ****             break;
 180:Generated_Source\PSoC4/Mux_CapSense_Tuner.c ****         }
 181:Generated_Source\PSoC4/Mux_CapSense_Tuner.c **** 
 182:Generated_Source\PSoC4/Mux_CapSense_Tuner.c ****         /* Set Complete flag in command register if needed */
 183:Generated_Source\PSoC4/Mux_CapSense_Tuner.c ****         if (0Lu != updateFlag)
 186              		.loc 1 183 0
 187 006e 002E     		cmp	r6, #0
 188 0070 0FD0     		beq	.L14
 184:Generated_Source\PSoC4/Mux_CapSense_Tuner.c ****         {
 185:Generated_Source\PSoC4/Mux_CapSense_Tuner.c ****             interruptState = CyEnterCriticalSection();
 189              		.loc 1 185 0
 190 0072 FFF7FEFF 		bl	CyEnterCriticalSection
 191              	.LVL19:
 186:Generated_Source\PSoC4/Mux_CapSense_Tuner.c **** 
 187:Generated_Source\PSoC4/Mux_CapSense_Tuner.c ****             /* Check if command wasn't overwritten with new command */
 188:Generated_Source\PSoC4/Mux_CapSense_Tuner.c ****             if (command == (Mux_CapSense_TU_CMD_ENUM)ptrDsRam->tunerCmd)
 192              		.loc 1 188 0
 193 0076 224B     		ldr	r3, .L18+4
 194 0078 DB88     		ldrh	r3, [r3, #6]
 195 007a DBB2     		uxtb	r3, r3
 196 007c 9C42     		cmp	r4, r3
 197 007e 05D1     		bne	.L15
 189:Generated_Source\PSoC4/Mux_CapSense_Tuner.c ****             {
 190:Generated_Source\PSoC4/Mux_CapSense_Tuner.c ****                 ptrDsRam->tunerCmd |= Mux_CapSense_TU_CMD_COMPLETE_BIT;
 198              		.loc 1 190 0
 199 0080 1F4A     		ldr	r2, .L18+4
 200 0082 D188     		ldrh	r1, [r2, #6]
 201 0084 204B     		ldr	r3, .L18+12
 202 0086 0B43     		orrs	r3, r1
 203 0088 9BB2     		uxth	r3, r3
 204 008a D380     		strh	r3, [r2, #6]
 205              	.L15:
 191:Generated_Source\PSoC4/Mux_CapSense_Tuner.c ****             }
 192:Generated_Source\PSoC4/Mux_CapSense_Tuner.c ****             CyExitCriticalSection(interruptState);
ARM GAS  C:\Users\PRAJWA~1\AppData\Local\Temp\ccjsvwir.s 			page 8


 206              		.loc 1 192 0
 207 008c FFF7FEFF 		bl	CyExitCriticalSection
 208              	.LVL20:
 193:Generated_Source\PSoC4/Mux_CapSense_Tuner.c **** 
 194:Generated_Source\PSoC4/Mux_CapSense_Tuner.c ****             updateFlag = 0Lu;
 209              		.loc 1 194 0
 210 0090 0026     		movs	r6, #0
 211              	.LVL21:
 212              	.L14:
 195:Generated_Source\PSoC4/Mux_CapSense_Tuner.c ****         }
 196:Generated_Source\PSoC4/Mux_CapSense_Tuner.c ****     } while (TU_FSM_SUSPENDED == tunerFsm);
 213              		.loc 1 196 0
 214 0092 1A4B     		ldr	r3, .L18
 215 0094 1B68     		ldr	r3, [r3]
 216 0096 012B     		cmp	r3, #1
 217 0098 B5D0     		beq	.L16
 197:Generated_Source\PSoC4/Mux_CapSense_Tuner.c **** 
 198:Generated_Source\PSoC4/Mux_CapSense_Tuner.c ****     /* Check for SNR Test mode and do appropriate actions */
 199:Generated_Source\PSoC4/Mux_CapSense_Tuner.c ****     if (TU_FSM_SNR_TEST == tunerFsm)
 218              		.loc 1 199 0
 219 009a 022B     		cmp	r3, #2
 220 009c 2BD1     		bne	.L17
 200:Generated_Source\PSoC4/Mux_CapSense_Tuner.c ****     {
 201:Generated_Source\PSoC4/Mux_CapSense_Tuner.c ****         widgetId = ptrDsRam->snrTestWidgetId;
 221              		.loc 1 201 0
 222 009e 184A     		ldr	r2, .L18+4
 223 00a0 8233     		adds	r3, r3, #130
 224 00a2 D35C     		ldrb	r3, [r2, r3]
 225 00a4 DBB2     		uxtb	r3, r3
 226              	.LVL22:
 202:Generated_Source\PSoC4/Mux_CapSense_Tuner.c ****         sensorId = ptrDsRam->snrTestSensorId;
 227              		.loc 1 202 0
 228 00a6 8521     		movs	r1, #133
 229 00a8 525C     		ldrb	r2, [r2, r1]
 230 00aa D2B2     		uxtb	r2, r2
 231              	.LVL23:
 203:Generated_Source\PSoC4/Mux_CapSense_Tuner.c **** 
 204:Generated_Source\PSoC4/Mux_CapSense_Tuner.c ****         /* Check if widgetId and sensorId are in range,
 205:Generated_Source\PSoC4/Mux_CapSense_Tuner.c ****          * and data was updated in RAM (scan counter changed)
 206:Generated_Source\PSoC4/Mux_CapSense_Tuner.c ****          */
 207:Generated_Source\PSoC4/Mux_CapSense_Tuner.c ****         if ((widgetId < Mux_CapSense_TOTAL_WIDGETS)              &&
 232              		.loc 1 207 0
 233 00ac 002B     		cmp	r3, #0
 234 00ae 22D1     		bne	.L17
 208:Generated_Source\PSoC4/Mux_CapSense_Tuner.c ****             (sensorId < Mux_CapSense_GET_SENSOR_COUNT(widgetId)) &&
 235              		.loc 1 208 0 discriminator 1
 236 00b0 5901     		lsls	r1, r3, #5
 237 00b2 1648     		ldr	r0, .L18+16
 238 00b4 4118     		adds	r1, r0, r1
 239 00b6 098B     		ldrh	r1, [r1, #24]
 207:Generated_Source\PSoC4/Mux_CapSense_Tuner.c ****             (sensorId < Mux_CapSense_GET_SENSOR_COUNT(widgetId)) &&
 240              		.loc 1 207 0 discriminator 1
 241 00b8 8A42     		cmp	r2, r1
 242 00ba 1CD2     		bcs	.L17
 209:Generated_Source\PSoC4/Mux_CapSense_Tuner.c ****             (ptrDsRam->scanCounter != ptrDsRam->snrTestScanCounter))
 243              		.loc 1 209 0
 244 00bc 1049     		ldr	r1, .L18+4
ARM GAS  C:\Users\PRAJWA~1\AppData\Local\Temp\ccjsvwir.s 			page 9


 245 00be 0889     		ldrh	r0, [r1, #8]
 246 00c0 80B2     		uxth	r0, r0
 247 00c2 8624     		movs	r4, #134
 248              	.LVL24:
 249 00c4 095B     		ldrh	r1, [r1, r4]
 250 00c6 89B2     		uxth	r1, r1
 208:Generated_Source\PSoC4/Mux_CapSense_Tuner.c ****             (sensorId < Mux_CapSense_GET_SENSOR_COUNT(widgetId)) &&
 251              		.loc 1 208 0
 252 00c8 8842     		cmp	r0, r1
 253 00ca 14D0     		beq	.L17
 210:Generated_Source\PSoC4/Mux_CapSense_Tuner.c ****         {
 211:Generated_Source\PSoC4/Mux_CapSense_Tuner.c ****             /* Get access to the Sensor Object */
 212:Generated_Source\PSoC4/Mux_CapSense_Tuner.c ****             ptrSnsTmp = Mux_CapSense_dsFlash.wdgtArray[widgetId].ptr2SnsRam;
 254              		.loc 1 212 0
 255 00cc 5B01     		lsls	r3, r3, #5
 256              	.LVL25:
 257 00ce 0F49     		ldr	r1, .L18+16
 258 00d0 CB18     		adds	r3, r1, r3
 259 00d2 9C68     		ldr	r4, [r3, #8]
 260              	.LVL26:
 213:Generated_Source\PSoC4/Mux_CapSense_Tuner.c ****             ptrSnsTmp += sensorId;
 261              		.loc 1 213 0
 262 00d4 9300     		lsls	r3, r2, #2
 263 00d6 9A18     		adds	r2, r3, r2
 264              	.LVL27:
 265 00d8 5300     		lsls	r3, r2, #1
 266 00da E418     		adds	r4, r4, r3
 267              	.LVL28:
 214:Generated_Source\PSoC4/Mux_CapSense_Tuner.c **** 
 215:Generated_Source\PSoC4/Mux_CapSense_Tuner.c ****             /* Update data in SNR Test Object */
 216:Generated_Source\PSoC4/Mux_CapSense_Tuner.c ****             interruptState = CyEnterCriticalSection();
 268              		.loc 1 216 0
 269 00dc FFF7FEFF 		bl	CyEnterCriticalSection
 270              	.LVL29:
 217:Generated_Source\PSoC4/Mux_CapSense_Tuner.c ****             ptrDsRam->snrTestScanCounter = ptrDsRam->scanCounter;
 271              		.loc 1 217 0
 272 00e0 074B     		ldr	r3, .L18+4
 273 00e2 1A89     		ldrh	r2, [r3, #8]
 274 00e4 92B2     		uxth	r2, r2
 275 00e6 8621     		movs	r1, #134
 276 00e8 5A52     		strh	r2, [r3, r1]
 218:Generated_Source\PSoC4/Mux_CapSense_Tuner.c ****             ptrDsRam->snrTestRawCount[0u] = ptrSnsTmp->raw[0u];
 277              		.loc 1 218 0
 278 00ea 2288     		ldrh	r2, [r4]
 279 00ec 92B2     		uxth	r2, r2
 280 00ee 0231     		adds	r1, r1, #2
 281 00f0 5A52     		strh	r2, [r3, r1]
 219:Generated_Source\PSoC4/Mux_CapSense_Tuner.c **** 
 220:Generated_Source\PSoC4/Mux_CapSense_Tuner.c ****             #if (0u != Mux_CapSense_MULTI_FREQ_SCAN_EN)
 221:Generated_Source\PSoC4/Mux_CapSense_Tuner.c ****                 ptrDsRam->snrTestRawCount[1u] = ptrSnsTmp->raw[1u];
 222:Generated_Source\PSoC4/Mux_CapSense_Tuner.c ****                 ptrDsRam->snrTestRawCount[2u] = ptrSnsTmp->raw[2u];
 223:Generated_Source\PSoC4/Mux_CapSense_Tuner.c ****             #endif
 224:Generated_Source\PSoC4/Mux_CapSense_Tuner.c **** 
 225:Generated_Source\PSoC4/Mux_CapSense_Tuner.c ****             CyExitCriticalSection(interruptState);
 282              		.loc 1 225 0
 283 00f2 FFF7FEFF 		bl	CyExitCriticalSection
 284              	.LVL30:
ARM GAS  C:\Users\PRAJWA~1\AppData\Local\Temp\ccjsvwir.s 			page 10


 285              	.L17:
 226:Generated_Source\PSoC4/Mux_CapSense_Tuner.c ****         }
 227:Generated_Source\PSoC4/Mux_CapSense_Tuner.c ****     }
 228:Generated_Source\PSoC4/Mux_CapSense_Tuner.c ****     return tunerStatus;
 229:Generated_Source\PSoC4/Mux_CapSense_Tuner.c **** }
 286              		.loc 1 229 0
 287 00f6 2800     		movs	r0, r5
 288              		@ sp needed
 289              	.LVL31:
 290              	.LVL32:
 291 00f8 70BD     		pop	{r4, r5, r6, pc}
 292              	.L19:
 293 00fa C046     		.align	2
 294              	.L18:
 295 00fc 00000000 		.word	.LANCHOR0
 296 0100 00000000 		.word	Mux_CapSense_dsRam
 297 0104 00000000 		.word	.L8
 298 0108 0080FFFF 		.word	-32768
 299 010c 00000000 		.word	Mux_CapSense_dsFlash
 300              		.cfi_endproc
 301              	.LFE2:
 302              		.size	Mux_CapSense_RunTuner, .-Mux_CapSense_RunTuner
 303              		.bss
 304              		.align	2
 305              		.set	.LANCHOR0,. + 0
 306              		.type	tunerFsm, %object
 307              		.size	tunerFsm, 4
 308              	tunerFsm:
 309 0000 00000000 		.space	4
 310              		.text
 311              	.Letext0:
 312              		.file 2 "Generated_Source\\PSoC4\\cytypes.h"
 313              		.file 3 "Generated_Source\\PSoC4\\Mux_CapSense_Configuration.h"
 314              		.file 4 "Generated_Source\\PSoC4\\Mux_CapSense_Structure.h"
 315              		.file 5 "Generated_Source\\PSoC4\\Mux_CapSense_Tuner.h"
 316              		.file 6 "Generated_Source\\PSoC4\\CyLib.h"
 317              		.file 7 "Generated_Source\\PSoC4\\Mux_CapSense_Control.h"
 318              		.section	.debug_info,"",%progbits
 319              	.Ldebug_info0:
 320 0000 3B060000 		.4byte	0x63b
 321 0004 0400     		.2byte	0x4
 322 0006 00000000 		.4byte	.Ldebug_abbrev0
 323 000a 04       		.byte	0x4
 324 000b 01       		.uleb128 0x1
 325 000c 40000000 		.4byte	.LASF101
 326 0010 0C       		.byte	0xc
 327 0011 4C040000 		.4byte	.LASF102
 328 0015 1A020000 		.4byte	.LASF103
 329 0019 00000000 		.4byte	.Ldebug_ranges0+0
 330 001d 00000000 		.4byte	0
 331 0021 00000000 		.4byte	.Ldebug_line0
 332 0025 02       		.uleb128 0x2
 333 0026 01       		.byte	0x1
 334 0027 06       		.byte	0x6
 335 0028 47010000 		.4byte	.LASF0
 336 002c 02       		.uleb128 0x2
 337 002d 01       		.byte	0x1
ARM GAS  C:\Users\PRAJWA~1\AppData\Local\Temp\ccjsvwir.s 			page 11


 338 002e 08       		.byte	0x8
 339 002f 47050000 		.4byte	.LASF1
 340 0033 02       		.uleb128 0x2
 341 0034 02       		.byte	0x2
 342 0035 05       		.byte	0x5
 343 0036 55050000 		.4byte	.LASF2
 344 003a 02       		.uleb128 0x2
 345 003b 02       		.byte	0x2
 346 003c 07       		.byte	0x7
 347 003d EC030000 		.4byte	.LASF3
 348 0041 02       		.uleb128 0x2
 349 0042 04       		.byte	0x4
 350 0043 05       		.byte	0x5
 351 0044 DB010000 		.4byte	.LASF4
 352 0048 02       		.uleb128 0x2
 353 0049 04       		.byte	0x4
 354 004a 07       		.byte	0x7
 355 004b A3030000 		.4byte	.LASF5
 356 004f 02       		.uleb128 0x2
 357 0050 08       		.byte	0x8
 358 0051 05       		.byte	0x5
 359 0052 39010000 		.4byte	.LASF6
 360 0056 02       		.uleb128 0x2
 361 0057 08       		.byte	0x8
 362 0058 07       		.byte	0x7
 363 0059 CE000000 		.4byte	.LASF7
 364 005d 03       		.uleb128 0x3
 365 005e 04       		.byte	0x4
 366 005f 05       		.byte	0x5
 367 0060 696E7400 		.ascii	"int\000"
 368 0064 02       		.uleb128 0x2
 369 0065 04       		.byte	0x4
 370 0066 07       		.byte	0x7
 371 0067 6A030000 		.4byte	.LASF8
 372 006b 04       		.uleb128 0x4
 373 006c 14020000 		.4byte	.LASF9
 374 0070 02       		.byte	0x2
 375 0071 FC01     		.2byte	0x1fc
 376 0073 2C000000 		.4byte	0x2c
 377 0077 04       		.uleb128 0x4
 378 0078 00000000 		.4byte	.LASF10
 379 007c 02       		.byte	0x2
 380 007d FD01     		.2byte	0x1fd
 381 007f 3A000000 		.4byte	0x3a
 382 0083 04       		.uleb128 0x4
 383 0084 D1020000 		.4byte	.LASF11
 384 0088 02       		.byte	0x2
 385 0089 FE01     		.2byte	0x1fe
 386 008b 48000000 		.4byte	0x48
 387 008f 02       		.uleb128 0x2
 388 0090 04       		.byte	0x4
 389 0091 04       		.byte	0x4
 390 0092 36050000 		.4byte	.LASF12
 391 0096 02       		.uleb128 0x2
 392 0097 08       		.byte	0x8
 393 0098 04       		.byte	0x4
 394 0099 88020000 		.4byte	.LASF13
ARM GAS  C:\Users\PRAJWA~1\AppData\Local\Temp\ccjsvwir.s 			page 12


 395 009d 02       		.uleb128 0x2
 396 009e 01       		.byte	0x1
 397 009f 08       		.byte	0x8
 398 00a0 E6050000 		.4byte	.LASF14
 399 00a4 05       		.uleb128 0x5
 400 00a5 83000000 		.4byte	0x83
 401 00a9 02       		.uleb128 0x2
 402 00aa 08       		.byte	0x8
 403 00ab 04       		.byte	0x4
 404 00ac C0040000 		.4byte	.LASF15
 405 00b0 02       		.uleb128 0x2
 406 00b1 04       		.byte	0x4
 407 00b2 07       		.byte	0x7
 408 00b3 B7040000 		.4byte	.LASF16
 409 00b7 06       		.uleb128 0x6
 410 00b8 04       		.byte	0x4
 411 00b9 04       		.uleb128 0x4
 412 00ba 8E060000 		.4byte	.LASF17
 413 00be 03       		.byte	0x3
 414 00bf 2F01     		.2byte	0x12f
 415 00c1 77000000 		.4byte	0x77
 416 00c5 04       		.uleb128 0x4
 417 00c6 B2010000 		.4byte	.LASF18
 418 00ca 03       		.byte	0x3
 419 00cb 3301     		.2byte	0x133
 420 00cd 6B000000 		.4byte	0x6b
 421 00d1 07       		.uleb128 0x7
 422 00d2 6B000000 		.4byte	0x6b
 423 00d6 E1000000 		.4byte	0xe1
 424 00da 08       		.uleb128 0x8
 425 00db B0000000 		.4byte	0xb0
 426 00df 00       		.byte	0
 427 00e0 00       		.byte	0
 428 00e1 09       		.uleb128 0x9
 429 00e2 16       		.byte	0x16
 430 00e3 04       		.byte	0x4
 431 00e4 0601     		.2byte	0x106
 432 00e6 C8010000 		.4byte	0x1c8
 433 00ea 0A       		.uleb128 0xa
 434 00eb 93050000 		.4byte	.LASF19
 435 00ef 04       		.byte	0x4
 436 00f0 0B01     		.2byte	0x10b
 437 00f2 77000000 		.4byte	0x77
 438 00f6 00       		.byte	0
 439 00f7 0A       		.uleb128 0xa
 440 00f8 D1060000 		.4byte	.LASF20
 441 00fc 04       		.byte	0x4
 442 00fd 1001     		.2byte	0x110
 443 00ff B9000000 		.4byte	0xb9
 444 0103 02       		.byte	0x2
 445 0104 0A       		.uleb128 0xa
 446 0105 07070000 		.4byte	.LASF21
 447 0109 04       		.byte	0x4
 448 010a 1501     		.2byte	0x115
 449 010c 6B000000 		.4byte	0x6b
 450 0110 04       		.byte	0x4
 451 0111 0A       		.uleb128 0xa
ARM GAS  C:\Users\PRAJWA~1\AppData\Local\Temp\ccjsvwir.s 			page 13


 452 0112 F4040000 		.4byte	.LASF22
 453 0116 04       		.byte	0x4
 454 0117 1A01     		.2byte	0x11a
 455 0119 6B000000 		.4byte	0x6b
 456 011d 05       		.byte	0x5
 457 011e 0A       		.uleb128 0xa
 458 011f F5020000 		.4byte	.LASF23
 459 0123 04       		.byte	0x4
 460 0124 2001     		.2byte	0x120
 461 0126 6B000000 		.4byte	0x6b
 462 012a 06       		.byte	0x6
 463 012b 0A       		.uleb128 0xa
 464 012c 13060000 		.4byte	.LASF24
 465 0130 04       		.byte	0x4
 466 0131 2601     		.2byte	0x126
 467 0133 6B000000 		.4byte	0x6b
 468 0137 07       		.byte	0x7
 469 0138 0A       		.uleb128 0xa
 470 0139 D7030000 		.4byte	.LASF25
 471 013d 04       		.byte	0x4
 472 013e 2D01     		.2byte	0x12d
 473 0140 C5000000 		.4byte	0xc5
 474 0144 08       		.byte	0x8
 475 0145 0A       		.uleb128 0xa
 476 0146 A7040000 		.4byte	.LASF26
 477 014a 04       		.byte	0x4
 478 014b 3401     		.2byte	0x134
 479 014d D1000000 		.4byte	0xd1
 480 0151 09       		.byte	0x9
 481 0152 0A       		.uleb128 0xa
 482 0153 3C050000 		.4byte	.LASF27
 483 0157 04       		.byte	0x4
 484 0158 3B01     		.2byte	0x13b
 485 015a D1000000 		.4byte	0xd1
 486 015e 0A       		.byte	0xa
 487 015f 0A       		.uleb128 0xa
 488 0160 6F050000 		.4byte	.LASF28
 489 0164 04       		.byte	0x4
 490 0165 4001     		.2byte	0x140
 491 0167 6B000000 		.4byte	0x6b
 492 016b 0B       		.byte	0xb
 493 016c 0A       		.uleb128 0xa
 494 016d EB050000 		.4byte	.LASF29
 495 0171 04       		.byte	0x4
 496 0172 4801     		.2byte	0x148
 497 0174 77000000 		.4byte	0x77
 498 0178 0C       		.byte	0xc
 499 0179 0A       		.uleb128 0xa
 500 017a 7D050000 		.4byte	.LASF30
 501 017e 04       		.byte	0x4
 502 017f 4F01     		.2byte	0x14f
 503 0181 77000000 		.4byte	0x77
 504 0185 0E       		.byte	0xe
 505 0186 0A       		.uleb128 0xa
 506 0187 BB060000 		.4byte	.LASF31
 507 018b 04       		.byte	0x4
 508 018c 5401     		.2byte	0x154
ARM GAS  C:\Users\PRAJWA~1\AppData\Local\Temp\ccjsvwir.s 			page 14


 509 018e 6B000000 		.4byte	0x6b
 510 0192 10       		.byte	0x10
 511 0193 0A       		.uleb128 0xa
 512 0194 8F020000 		.4byte	.LASF32
 513 0198 04       		.byte	0x4
 514 0199 5901     		.2byte	0x159
 515 019b 6B000000 		.4byte	0x6b
 516 019f 11       		.byte	0x11
 517 01a0 0A       		.uleb128 0xa
 518 01a1 23010000 		.4byte	.LASF33
 519 01a5 04       		.byte	0x4
 520 01a6 5E01     		.2byte	0x15e
 521 01a8 6B000000 		.4byte	0x6b
 522 01ac 12       		.byte	0x12
 523 01ad 0A       		.uleb128 0xa
 524 01ae 3C040000 		.4byte	.LASF34
 525 01b2 04       		.byte	0x4
 526 01b3 6301     		.2byte	0x163
 527 01b5 6B000000 		.4byte	0x6b
 528 01b9 13       		.byte	0x13
 529 01ba 0A       		.uleb128 0xa
 530 01bb 77030000 		.4byte	.LASF35
 531 01bf 04       		.byte	0x4
 532 01c0 6801     		.2byte	0x168
 533 01c2 6B000000 		.4byte	0x6b
 534 01c6 14       		.byte	0x14
 535 01c7 00       		.byte	0
 536 01c8 04       		.uleb128 0x4
 537 01c9 78040000 		.4byte	.LASF36
 538 01cd 04       		.byte	0x4
 539 01ce 6901     		.2byte	0x169
 540 01d0 E1000000 		.4byte	0xe1
 541 01d4 09       		.uleb128 0x9
 542 01d5 16       		.byte	0x16
 543 01d6 04       		.byte	0x4
 544 01d7 6F01     		.2byte	0x16f
 545 01d9 EB010000 		.4byte	0x1eb
 546 01dd 0A       		.uleb128 0xa
 547 01de 2A010000 		.4byte	.LASF37
 548 01e2 04       		.byte	0x4
 549 01e3 7401     		.2byte	0x174
 550 01e5 C8010000 		.4byte	0x1c8
 551 01e9 00       		.byte	0
 552 01ea 00       		.byte	0
 553 01eb 04       		.uleb128 0x4
 554 01ec 9E050000 		.4byte	.LASF38
 555 01f0 04       		.byte	0x4
 556 01f1 7501     		.2byte	0x175
 557 01f3 D4010000 		.4byte	0x1d4
 558 01f7 09       		.uleb128 0x9
 559 01f8 0A       		.byte	0xa
 560 01f9 04       		.byte	0x4
 561 01fa 7B01     		.2byte	0x17b
 562 01fc 4F020000 		.4byte	0x24f
 563 0200 0B       		.uleb128 0xb
 564 0201 72617700 		.ascii	"raw\000"
 565 0205 04       		.byte	0x4
ARM GAS  C:\Users\PRAJWA~1\AppData\Local\Temp\ccjsvwir.s 			page 15


 566 0206 8001     		.2byte	0x180
 567 0208 4F020000 		.4byte	0x24f
 568 020c 00       		.byte	0
 569 020d 0A       		.uleb128 0xa
 570 020e 65030000 		.4byte	.LASF39
 571 0212 04       		.byte	0x4
 572 0213 8501     		.2byte	0x185
 573 0215 4F020000 		.4byte	0x24f
 574 0219 02       		.byte	0x2
 575 021a 0A       		.uleb128 0xa
 576 021b 22030000 		.4byte	.LASF40
 577 021f 04       		.byte	0x4
 578 0220 8B01     		.2byte	0x18b
 579 0222 D1000000 		.4byte	0xd1
 580 0226 04       		.byte	0x4
 581 0227 0A       		.uleb128 0xa
 582 0228 F2000000 		.4byte	.LASF41
 583 022c 04       		.byte	0x4
 584 022d 9001     		.2byte	0x190
 585 022f B9000000 		.4byte	0xb9
 586 0233 06       		.byte	0x6
 587 0234 0A       		.uleb128 0xa
 588 0235 5B060000 		.4byte	.LASF42
 589 0239 04       		.byte	0x4
 590 023a 9501     		.2byte	0x195
 591 023c 5F020000 		.4byte	0x25f
 592 0240 08       		.byte	0x8
 593 0241 0A       		.uleb128 0xa
 594 0242 3C060000 		.4byte	.LASF43
 595 0246 04       		.byte	0x4
 596 0247 9A01     		.2byte	0x19a
 597 0249 D1000000 		.4byte	0xd1
 598 024d 09       		.byte	0x9
 599 024e 00       		.byte	0
 600 024f 07       		.uleb128 0x7
 601 0250 77000000 		.4byte	0x77
 602 0254 5F020000 		.4byte	0x25f
 603 0258 08       		.uleb128 0x8
 604 0259 B0000000 		.4byte	0xb0
 605 025d 00       		.byte	0
 606 025e 00       		.byte	0
 607 025f 07       		.uleb128 0x7
 608 0260 C5000000 		.4byte	0xc5
 609 0264 6F020000 		.4byte	0x26f
 610 0268 08       		.uleb128 0x8
 611 0269 B0000000 		.4byte	0xb0
 612 026d 00       		.byte	0
 613 026e 00       		.byte	0
 614 026f 04       		.uleb128 0x4
 615 0270 07010000 		.4byte	.LASF44
 616 0274 04       		.byte	0x4
 617 0275 9B01     		.2byte	0x19b
 618 0277 F7010000 		.4byte	0x1f7
 619 027b 09       		.uleb128 0x9
 620 027c 50       		.byte	0x50
 621 027d 04       		.byte	0x4
 622 027e A101     		.2byte	0x1a1
ARM GAS  C:\Users\PRAJWA~1\AppData\Local\Temp\ccjsvwir.s 			page 16


 623 0280 92020000 		.4byte	0x292
 624 0284 0A       		.uleb128 0xa
 625 0285 2A010000 		.4byte	.LASF37
 626 0289 04       		.byte	0x4
 627 028a A601     		.2byte	0x1a6
 628 028c 92020000 		.4byte	0x292
 629 0290 00       		.byte	0
 630 0291 00       		.byte	0
 631 0292 07       		.uleb128 0x7
 632 0293 6F020000 		.4byte	0x26f
 633 0297 A2020000 		.4byte	0x2a2
 634 029b 08       		.uleb128 0x8
 635 029c B0000000 		.4byte	0xb0
 636 02a0 07       		.byte	0x7
 637 02a1 00       		.byte	0
 638 02a2 04       		.uleb128 0x4
 639 02a3 F2050000 		.4byte	.LASF45
 640 02a7 04       		.byte	0x4
 641 02a8 A701     		.2byte	0x1a7
 642 02aa 7B020000 		.4byte	0x27b
 643 02ae 09       		.uleb128 0x9
 644 02af 8C       		.byte	0x8c
 645 02b0 04       		.byte	0x4
 646 02b1 AD01     		.2byte	0x1ad
 647 02b3 AF030000 		.4byte	0x3af
 648 02b7 0A       		.uleb128 0xa
 649 02b8 1C040000 		.4byte	.LASF46
 650 02bc 04       		.byte	0x4
 651 02bd B401     		.2byte	0x1b4
 652 02bf 77000000 		.4byte	0x77
 653 02c3 00       		.byte	0
 654 02c4 0A       		.uleb128 0xa
 655 02c5 43040000 		.4byte	.LASF47
 656 02c9 04       		.byte	0x4
 657 02ca B901     		.2byte	0x1b9
 658 02cc 77000000 		.4byte	0x77
 659 02d0 02       		.byte	0x2
 660 02d1 0A       		.uleb128 0xa
 661 02d2 10050000 		.4byte	.LASF48
 662 02d6 04       		.byte	0x4
 663 02d7 BE01     		.2byte	0x1be
 664 02d9 77000000 		.4byte	0x77
 665 02dd 04       		.byte	0x4
 666 02de 0A       		.uleb128 0xa
 667 02df 2D050000 		.4byte	.LASF49
 668 02e3 04       		.byte	0x4
 669 02e4 C401     		.2byte	0x1c4
 670 02e6 77000000 		.4byte	0x77
 671 02ea 06       		.byte	0x6
 672 02eb 0A       		.uleb128 0xa
 673 02ec 21050000 		.4byte	.LASF50
 674 02f0 04       		.byte	0x4
 675 02f1 C901     		.2byte	0x1c9
 676 02f3 77000000 		.4byte	0x77
 677 02f7 08       		.byte	0x8
 678 02f8 0A       		.uleb128 0xa
 679 02f9 AA060000 		.4byte	.LASF51
ARM GAS  C:\Users\PRAJWA~1\AppData\Local\Temp\ccjsvwir.s 			page 17


 680 02fd 04       		.byte	0x4
 681 02fe CE01     		.2byte	0x1ce
 682 0300 A4000000 		.4byte	0xa4
 683 0304 0C       		.byte	0xc
 684 0305 0A       		.uleb128 0xa
 685 0306 B5030000 		.4byte	.LASF52
 686 030a 04       		.byte	0x4
 687 030b D401     		.2byte	0x1d4
 688 030d AF030000 		.4byte	0x3af
 689 0311 10       		.byte	0x10
 690 0312 0A       		.uleb128 0xa
 691 0313 3D030000 		.4byte	.LASF53
 692 0317 04       		.byte	0x4
 693 0318 DB01     		.2byte	0x1db
 694 031a AF030000 		.4byte	0x3af
 695 031e 14       		.byte	0x14
 696 031f 0A       		.uleb128 0xa
 697 0320 D1010000 		.4byte	.LASF54
 698 0324 04       		.byte	0x4
 699 0325 EB01     		.2byte	0x1eb
 700 0327 D1000000 		.4byte	0xd1
 701 032b 18       		.byte	0x18
 702 032c 0A       		.uleb128 0xa
 703 032d 25040000 		.4byte	.LASF55
 704 0331 04       		.byte	0x4
 705 0332 F101     		.2byte	0x1f1
 706 0334 77000000 		.4byte	0x77
 707 0338 1A       		.byte	0x1a
 708 0339 0A       		.uleb128 0xa
 709 033a E4010000 		.4byte	.LASF56
 710 033e 04       		.byte	0x4
 711 033f F601     		.2byte	0x1f6
 712 0341 6B000000 		.4byte	0x6b
 713 0345 1C       		.byte	0x1c
 714 0346 0A       		.uleb128 0xa
 715 0347 BE050000 		.4byte	.LASF57
 716 034b 04       		.byte	0x4
 717 034c FB01     		.2byte	0x1fb
 718 034e EB010000 		.4byte	0x1eb
 719 0352 1E       		.byte	0x1e
 720 0353 0A       		.uleb128 0xa
 721 0354 14040000 		.4byte	.LASF58
 722 0358 04       		.byte	0x4
 723 0359 0002     		.2byte	0x200
 724 035b A2020000 		.4byte	0x2a2
 725 035f 34       		.byte	0x34
 726 0360 0A       		.uleb128 0xa
 727 0361 80030000 		.4byte	.LASF59
 728 0365 04       		.byte	0x4
 729 0366 0502     		.2byte	0x205
 730 0368 6B000000 		.4byte	0x6b
 731 036c 84       		.byte	0x84
 732 036d 0A       		.uleb128 0xa
 733 036e F7000000 		.4byte	.LASF60
 734 0372 04       		.byte	0x4
 735 0373 0A02     		.2byte	0x20a
 736 0375 6B000000 		.4byte	0x6b
ARM GAS  C:\Users\PRAJWA~1\AppData\Local\Temp\ccjsvwir.s 			page 18


 737 0379 85       		.byte	0x85
 738 037a 0A       		.uleb128 0xa
 739 037b DA060000 		.4byte	.LASF61
 740 037f 04       		.byte	0x4
 741 0380 0F02     		.2byte	0x20f
 742 0382 77000000 		.4byte	0x77
 743 0386 86       		.byte	0x86
 744 0387 0A       		.uleb128 0xa
 745 0388 9F020000 		.4byte	.LASF62
 746 038c 04       		.byte	0x4
 747 038d 1402     		.2byte	0x214
 748 038f 4F020000 		.4byte	0x24f
 749 0393 88       		.byte	0x88
 750 0394 0A       		.uleb128 0xa
 751 0395 98030000 		.4byte	.LASF63
 752 0399 04       		.byte	0x4
 753 039a 1902     		.2byte	0x219
 754 039c 6B000000 		.4byte	0x6b
 755 03a0 8A       		.byte	0x8a
 756 03a1 0A       		.uleb128 0xa
 757 03a2 13030000 		.4byte	.LASF64
 758 03a6 04       		.byte	0x4
 759 03a7 1E02     		.2byte	0x21e
 760 03a9 6B000000 		.4byte	0x6b
 761 03ad 8B       		.byte	0x8b
 762 03ae 00       		.byte	0
 763 03af 07       		.uleb128 0x7
 764 03b0 83000000 		.4byte	0x83
 765 03b4 BF030000 		.4byte	0x3bf
 766 03b8 08       		.uleb128 0x8
 767 03b9 B0000000 		.4byte	0xb0
 768 03bd 00       		.byte	0
 769 03be 00       		.byte	0
 770 03bf 04       		.uleb128 0x4
 771 03c0 71010000 		.4byte	.LASF65
 772 03c4 04       		.byte	0x4
 773 03c5 1F02     		.2byte	0x21f
 774 03c7 AE020000 		.4byte	0x2ae
 775 03cb 09       		.uleb128 0x9
 776 03cc 20       		.byte	0x20
 777 03cd 04       		.byte	0x4
 778 03ce 8602     		.2byte	0x286
 779 03d0 57040000 		.4byte	0x457
 780 03d4 0A       		.uleb128 0xa
 781 03d5 E5000000 		.4byte	.LASF66
 782 03d9 04       		.byte	0x4
 783 03da 8F02     		.2byte	0x28f
 784 03dc 57040000 		.4byte	0x457
 785 03e0 00       		.byte	0
 786 03e1 0A       		.uleb128 0xa
 787 03e2 30040000 		.4byte	.LASF67
 788 03e6 04       		.byte	0x4
 789 03e7 9602     		.2byte	0x296
 790 03e9 B7000000 		.4byte	0xb7
 791 03ed 04       		.byte	0x4
 792 03ee 0A       		.uleb128 0xa
 793 03ef EE010000 		.4byte	.LASF68
ARM GAS  C:\Users\PRAJWA~1\AppData\Local\Temp\ccjsvwir.s 			page 19


 794 03f3 04       		.byte	0x4
 795 03f4 9C02     		.2byte	0x29c
 796 03f6 5E040000 		.4byte	0x45e
 797 03fa 08       		.byte	0x8
 798 03fb 0A       		.uleb128 0xa
 799 03fc 5F050000 		.4byte	.LASF69
 800 0400 04       		.byte	0x4
 801 0401 A202     		.2byte	0x2a2
 802 0403 B7000000 		.4byte	0xb7
 803 0407 0C       		.byte	0xc
 804 0408 0A       		.uleb128 0xa
 805 0409 75060000 		.4byte	.LASF70
 806 040d 04       		.byte	0x4
 807 040e A902     		.2byte	0x2a9
 808 0410 64040000 		.4byte	0x464
 809 0414 10       		.byte	0x10
 810 0415 0A       		.uleb128 0xa
 811 0416 E7040000 		.4byte	.LASF71
 812 041a 04       		.byte	0x4
 813 041b AE02     		.2byte	0x2ae
 814 041d 83000000 		.4byte	0x83
 815 0421 14       		.byte	0x14
 816 0422 0A       		.uleb128 0xa
 817 0423 69060000 		.4byte	.LASF72
 818 0427 04       		.byte	0x4
 819 0428 B502     		.2byte	0x2b5
 820 042a 77000000 		.4byte	0x77
 821 042e 18       		.byte	0x18
 822 042f 0A       		.uleb128 0xa
 823 0430 18050000 		.4byte	.LASF73
 824 0434 04       		.byte	0x4
 825 0435 BC02     		.2byte	0x2bc
 826 0437 6B000000 		.4byte	0x6b
 827 043b 1A       		.byte	0x1a
 828 043c 0A       		.uleb128 0xa
 829 043d AF040000 		.4byte	.LASF74
 830 0441 04       		.byte	0x4
 831 0442 C602     		.2byte	0x2c6
 832 0444 6B000000 		.4byte	0x6b
 833 0448 1B       		.byte	0x1b
 834 0449 0A       		.uleb128 0xa
 835 044a 35030000 		.4byte	.LASF75
 836 044e 04       		.byte	0x4
 837 044f CE02     		.2byte	0x2ce
 838 0451 6B000000 		.4byte	0x6b
 839 0455 1C       		.byte	0x1c
 840 0456 00       		.byte	0
 841 0457 0C       		.uleb128 0xc
 842 0458 04       		.byte	0x4
 843 0459 5D040000 		.4byte	0x45d
 844 045d 0D       		.uleb128 0xd
 845 045e 0C       		.uleb128 0xc
 846 045f 04       		.byte	0x4
 847 0460 6F020000 		.4byte	0x26f
 848 0464 0C       		.uleb128 0xc
 849 0465 04       		.byte	0x4
 850 0466 6B000000 		.4byte	0x6b
ARM GAS  C:\Users\PRAJWA~1\AppData\Local\Temp\ccjsvwir.s 			page 20


 851 046a 04       		.uleb128 0x4
 852 046b 48030000 		.4byte	.LASF76
 853 046f 04       		.byte	0x4
 854 0470 CF02     		.2byte	0x2cf
 855 0472 CB030000 		.4byte	0x3cb
 856 0476 09       		.uleb128 0x9
 857 0477 20       		.byte	0x20
 858 0478 04       		.byte	0x4
 859 0479 D502     		.2byte	0x2d5
 860 047b 8D040000 		.4byte	0x48d
 861 047f 0A       		.uleb128 0xa
 862 0480 B1060000 		.4byte	.LASF77
 863 0484 04       		.byte	0x4
 864 0485 DA02     		.2byte	0x2da
 865 0487 8D040000 		.4byte	0x48d
 866 048b 00       		.byte	0
 867 048c 00       		.byte	0
 868 048d 07       		.uleb128 0x7
 869 048e 6A040000 		.4byte	0x46a
 870 0492 9D040000 		.4byte	0x49d
 871 0496 08       		.uleb128 0x8
 872 0497 B0000000 		.4byte	0xb0
 873 049b 00       		.byte	0
 874 049c 00       		.byte	0
 875 049d 04       		.uleb128 0x4
 876 049e 98010000 		.4byte	.LASF78
 877 04a2 04       		.byte	0x4
 878 04a3 DB02     		.2byte	0x2db
 879 04a5 76040000 		.4byte	0x476
 880 04a9 0E       		.uleb128 0xe
 881 04aa 01       		.byte	0x1
 882 04ab 2C000000 		.4byte	0x2c
 883 04af 05       		.byte	0x5
 884 04b0 2E       		.byte	0x2e
 885 04b1 E0040000 		.4byte	0x4e0
 886 04b5 0F       		.uleb128 0xf
 887 04b6 F9010000 		.4byte	.LASF79
 888 04ba 00       		.byte	0
 889 04bb 0F       		.uleb128 0xf
 890 04bc 1E060000 		.4byte	.LASF80
 891 04c0 01       		.byte	0x1
 892 04c1 0F       		.uleb128 0xf
 893 04c2 D8020000 		.4byte	.LASF81
 894 04c6 02       		.byte	0x2
 895 04c7 0F       		.uleb128 0xf
 896 04c8 53010000 		.4byte	.LASF82
 897 04cc 03       		.byte	0x3
 898 04cd 0F       		.uleb128 0xf
 899 04ce 1D000000 		.4byte	.LASF83
 900 04d2 04       		.byte	0x4
 901 04d3 0F       		.uleb128 0xf
 902 04d4 CC040000 		.4byte	.LASF84
 903 04d8 05       		.byte	0x5
 904 04d9 0F       		.uleb128 0xf
 905 04da C7050000 		.4byte	.LASF85
 906 04de 06       		.byte	0x6
 907 04df 00       		.byte	0
ARM GAS  C:\Users\PRAJWA~1\AppData\Local\Temp\ccjsvwir.s 			page 21


 908 04e0 10       		.uleb128 0x10
 909 04e1 AF020000 		.4byte	.LASF86
 910 04e5 05       		.byte	0x5
 911 04e6 36       		.byte	0x36
 912 04e7 A9040000 		.4byte	0x4a9
 913 04eb 11       		.uleb128 0x11
 914 04ec ED060000 		.4byte	.LASF104
 915 04f0 01       		.byte	0x1
 916 04f1 44       		.byte	0x44
 917 04f2 00000000 		.4byte	.LFB1
 918 04f6 14000000 		.4byte	.LFE1-.LFB1
 919 04fa 01       		.uleb128 0x1
 920 04fb 9C       		.byte	0x9c
 921 04fc 0C050000 		.4byte	0x50c
 922 0500 12       		.uleb128 0x12
 923 0501 C8060000 		.4byte	.LASF93
 924 0505 01       		.byte	0x1
 925 0506 46       		.byte	0x46
 926 0507 0C050000 		.4byte	0x50c
 927 050b 00       		.byte	0
 928 050c 0C       		.uleb128 0xc
 929 050d 04       		.byte	0x4
 930 050e 12050000 		.4byte	0x512
 931 0512 05       		.uleb128 0x5
 932 0513 BF030000 		.4byte	0x3bf
 933 0517 13       		.uleb128 0x13
 934 0518 45060000 		.4byte	.LASF105
 935 051c 01       		.byte	0x1
 936 051d 73       		.byte	0x73
 937 051e 83000000 		.4byte	0x83
 938 0522 00000000 		.4byte	.LFB2
 939 0526 10010000 		.4byte	.LFE2-.LFB2
 940 052a 01       		.uleb128 0x1
 941 052b 9C       		.byte	0x9c
 942 052c E4050000 		.4byte	0x5e4
 943 0530 14       		.uleb128 0x14
 944 0531 89010000 		.4byte	.LASF87
 945 0535 01       		.byte	0x1
 946 0536 75       		.byte	0x75
 947 0537 6B000000 		.4byte	0x6b
 948 053b 00000000 		.4byte	.LLST0
 949 053f 14       		.uleb128 0x14
 950 0540 9E040000 		.4byte	.LASF88
 951 0544 01       		.byte	0x1
 952 0545 76       		.byte	0x76
 953 0546 83000000 		.4byte	0x83
 954 054a 29000000 		.4byte	.LLST1
 955 054e 14       		.uleb128 0x14
 956 054f C8020000 		.4byte	.LASF89
 957 0553 01       		.byte	0x1
 958 0554 77       		.byte	0x77
 959 0555 83000000 		.4byte	0x83
 960 0559 3C000000 		.4byte	.LLST2
 961 055d 14       		.uleb128 0x14
 962 055e 2A030000 		.4byte	.LASF90
 963 0562 01       		.byte	0x1
 964 0563 78       		.byte	0x78
ARM GAS  C:\Users\PRAJWA~1\AppData\Local\Temp\ccjsvwir.s 			page 22


 965 0564 83000000 		.4byte	0x83
 966 0568 4F000000 		.4byte	.LLST3
 967 056c 14       		.uleb128 0x14
 968 056d 90030000 		.4byte	.LASF91
 969 0571 01       		.byte	0x1
 970 0572 79       		.byte	0x79
 971 0573 E0040000 		.4byte	0x4e0
 972 0577 0F010000 		.4byte	.LLST4
 973 057b 14       		.uleb128 0x14
 974 057c 87050000 		.4byte	.LASF92
 975 0580 01       		.byte	0x1
 976 0581 7A       		.byte	0x7a
 977 0582 83000000 		.4byte	0x83
 978 0586 22010000 		.4byte	.LLST5
 979 058a 12       		.uleb128 0x12
 980 058b C8060000 		.4byte	.LASF93
 981 058f 01       		.byte	0x1
 982 0590 7C       		.byte	0x7c
 983 0591 0C050000 		.4byte	0x50c
 984 0595 14       		.uleb128 0x14
 985 0596 E2030000 		.4byte	.LASF94
 986 059a 01       		.byte	0x1
 987 059b 7D       		.byte	0x7d
 988 059c E4050000 		.4byte	0x5e4
 989 05a0 63010000 		.4byte	.LLST6
 990 05a4 15       		.uleb128 0x15
 991 05a5 12000000 		.4byte	.LVL3
 992 05a9 1D060000 		.4byte	0x61d
 993 05ad 15       		.uleb128 0x15
 994 05ae 1C000000 		.4byte	.LVL4
 995 05b2 28060000 		.4byte	0x628
 996 05b6 15       		.uleb128 0x15
 997 05b7 46000000 		.4byte	.LVL10
 998 05bb 33060000 		.4byte	0x633
 999 05bf 15       		.uleb128 0x15
 1000 05c0 76000000 		.4byte	.LVL19
 1001 05c4 1D060000 		.4byte	0x61d
 1002 05c8 15       		.uleb128 0x15
 1003 05c9 90000000 		.4byte	.LVL20
 1004 05cd 28060000 		.4byte	0x628
 1005 05d1 15       		.uleb128 0x15
 1006 05d2 E0000000 		.4byte	.LVL29
 1007 05d6 1D060000 		.4byte	0x61d
 1008 05da 15       		.uleb128 0x15
 1009 05db F6000000 		.4byte	.LVL30
 1010 05df 28060000 		.4byte	0x628
 1011 05e3 00       		.byte	0
 1012 05e4 0C       		.uleb128 0xc
 1013 05e5 04       		.byte	0x4
 1014 05e6 EA050000 		.4byte	0x5ea
 1015 05ea 05       		.uleb128 0x5
 1016 05eb 6F020000 		.4byte	0x26f
 1017 05ef 16       		.uleb128 0x16
 1018 05f0 85060000 		.4byte	.LASF95
 1019 05f4 01       		.byte	0x1
 1020 05f5 35       		.byte	0x35
 1021 05f6 83000000 		.4byte	0x83
ARM GAS  C:\Users\PRAJWA~1\AppData\Local\Temp\ccjsvwir.s 			page 23


 1022 05fa 05       		.uleb128 0x5
 1023 05fb 03       		.byte	0x3
 1024 05fc 00000000 		.4byte	tunerFsm
 1025 0600 17       		.uleb128 0x17
 1026 0601 FD040000 		.4byte	.LASF96
 1027 0605 04       		.byte	0x4
 1028 0606 6F04     		.2byte	0x46f
 1029 0608 BF030000 		.4byte	0x3bf
 1030 060c 17       		.uleb128 0x17
 1031 060d FF030000 		.4byte	.LASF97
 1032 0611 04       		.byte	0x4
 1033 0612 7004     		.2byte	0x470
 1034 0614 18060000 		.4byte	0x618
 1035 0618 18       		.uleb128 0x18
 1036 0619 9D040000 		.4byte	0x49d
 1037 061d 19       		.uleb128 0x19
 1038 061e C0030000 		.4byte	.LASF98
 1039 0622 C0030000 		.4byte	.LASF98
 1040 0626 06       		.byte	0x6
 1041 0627 F8       		.byte	0xf8
 1042 0628 19       		.uleb128 0x19
 1043 0629 07000000 		.4byte	.LASF99
 1044 062d 07000000 		.4byte	.LASF99
 1045 0631 06       		.byte	0x6
 1046 0632 F9       		.byte	0xf9
 1047 0633 19       		.uleb128 0x19
 1048 0634 00030000 		.4byte	.LASF100
 1049 0638 00030000 		.4byte	.LASF100
 1050 063c 07       		.byte	0x7
 1051 063d 3B       		.byte	0x3b
 1052 063e 00       		.byte	0
 1053              		.section	.debug_abbrev,"",%progbits
 1054              	.Ldebug_abbrev0:
 1055 0000 01       		.uleb128 0x1
 1056 0001 11       		.uleb128 0x11
 1057 0002 01       		.byte	0x1
 1058 0003 25       		.uleb128 0x25
 1059 0004 0E       		.uleb128 0xe
 1060 0005 13       		.uleb128 0x13
 1061 0006 0B       		.uleb128 0xb
 1062 0007 03       		.uleb128 0x3
 1063 0008 0E       		.uleb128 0xe
 1064 0009 1B       		.uleb128 0x1b
 1065 000a 0E       		.uleb128 0xe
 1066 000b 55       		.uleb128 0x55
 1067 000c 17       		.uleb128 0x17
 1068 000d 11       		.uleb128 0x11
 1069 000e 01       		.uleb128 0x1
 1070 000f 10       		.uleb128 0x10
 1071 0010 17       		.uleb128 0x17
 1072 0011 00       		.byte	0
 1073 0012 00       		.byte	0
 1074 0013 02       		.uleb128 0x2
 1075 0014 24       		.uleb128 0x24
 1076 0015 00       		.byte	0
 1077 0016 0B       		.uleb128 0xb
 1078 0017 0B       		.uleb128 0xb
ARM GAS  C:\Users\PRAJWA~1\AppData\Local\Temp\ccjsvwir.s 			page 24


 1079 0018 3E       		.uleb128 0x3e
 1080 0019 0B       		.uleb128 0xb
 1081 001a 03       		.uleb128 0x3
 1082 001b 0E       		.uleb128 0xe
 1083 001c 00       		.byte	0
 1084 001d 00       		.byte	0
 1085 001e 03       		.uleb128 0x3
 1086 001f 24       		.uleb128 0x24
 1087 0020 00       		.byte	0
 1088 0021 0B       		.uleb128 0xb
 1089 0022 0B       		.uleb128 0xb
 1090 0023 3E       		.uleb128 0x3e
 1091 0024 0B       		.uleb128 0xb
 1092 0025 03       		.uleb128 0x3
 1093 0026 08       		.uleb128 0x8
 1094 0027 00       		.byte	0
 1095 0028 00       		.byte	0
 1096 0029 04       		.uleb128 0x4
 1097 002a 16       		.uleb128 0x16
 1098 002b 00       		.byte	0
 1099 002c 03       		.uleb128 0x3
 1100 002d 0E       		.uleb128 0xe
 1101 002e 3A       		.uleb128 0x3a
 1102 002f 0B       		.uleb128 0xb
 1103 0030 3B       		.uleb128 0x3b
 1104 0031 05       		.uleb128 0x5
 1105 0032 49       		.uleb128 0x49
 1106 0033 13       		.uleb128 0x13
 1107 0034 00       		.byte	0
 1108 0035 00       		.byte	0
 1109 0036 05       		.uleb128 0x5
 1110 0037 35       		.uleb128 0x35
 1111 0038 00       		.byte	0
 1112 0039 49       		.uleb128 0x49
 1113 003a 13       		.uleb128 0x13
 1114 003b 00       		.byte	0
 1115 003c 00       		.byte	0
 1116 003d 06       		.uleb128 0x6
 1117 003e 0F       		.uleb128 0xf
 1118 003f 00       		.byte	0
 1119 0040 0B       		.uleb128 0xb
 1120 0041 0B       		.uleb128 0xb
 1121 0042 00       		.byte	0
 1122 0043 00       		.byte	0
 1123 0044 07       		.uleb128 0x7
 1124 0045 01       		.uleb128 0x1
 1125 0046 01       		.byte	0x1
 1126 0047 49       		.uleb128 0x49
 1127 0048 13       		.uleb128 0x13
 1128 0049 01       		.uleb128 0x1
 1129 004a 13       		.uleb128 0x13
 1130 004b 00       		.byte	0
 1131 004c 00       		.byte	0
 1132 004d 08       		.uleb128 0x8
 1133 004e 21       		.uleb128 0x21
 1134 004f 00       		.byte	0
 1135 0050 49       		.uleb128 0x49
ARM GAS  C:\Users\PRAJWA~1\AppData\Local\Temp\ccjsvwir.s 			page 25


 1136 0051 13       		.uleb128 0x13
 1137 0052 2F       		.uleb128 0x2f
 1138 0053 0B       		.uleb128 0xb
 1139 0054 00       		.byte	0
 1140 0055 00       		.byte	0
 1141 0056 09       		.uleb128 0x9
 1142 0057 13       		.uleb128 0x13
 1143 0058 01       		.byte	0x1
 1144 0059 0B       		.uleb128 0xb
 1145 005a 0B       		.uleb128 0xb
 1146 005b 3A       		.uleb128 0x3a
 1147 005c 0B       		.uleb128 0xb
 1148 005d 3B       		.uleb128 0x3b
 1149 005e 05       		.uleb128 0x5
 1150 005f 01       		.uleb128 0x1
 1151 0060 13       		.uleb128 0x13
 1152 0061 00       		.byte	0
 1153 0062 00       		.byte	0
 1154 0063 0A       		.uleb128 0xa
 1155 0064 0D       		.uleb128 0xd
 1156 0065 00       		.byte	0
 1157 0066 03       		.uleb128 0x3
 1158 0067 0E       		.uleb128 0xe
 1159 0068 3A       		.uleb128 0x3a
 1160 0069 0B       		.uleb128 0xb
 1161 006a 3B       		.uleb128 0x3b
 1162 006b 05       		.uleb128 0x5
 1163 006c 49       		.uleb128 0x49
 1164 006d 13       		.uleb128 0x13
 1165 006e 38       		.uleb128 0x38
 1166 006f 0B       		.uleb128 0xb
 1167 0070 00       		.byte	0
 1168 0071 00       		.byte	0
 1169 0072 0B       		.uleb128 0xb
 1170 0073 0D       		.uleb128 0xd
 1171 0074 00       		.byte	0
 1172 0075 03       		.uleb128 0x3
 1173 0076 08       		.uleb128 0x8
 1174 0077 3A       		.uleb128 0x3a
 1175 0078 0B       		.uleb128 0xb
 1176 0079 3B       		.uleb128 0x3b
 1177 007a 05       		.uleb128 0x5
 1178 007b 49       		.uleb128 0x49
 1179 007c 13       		.uleb128 0x13
 1180 007d 38       		.uleb128 0x38
 1181 007e 0B       		.uleb128 0xb
 1182 007f 00       		.byte	0
 1183 0080 00       		.byte	0
 1184 0081 0C       		.uleb128 0xc
 1185 0082 0F       		.uleb128 0xf
 1186 0083 00       		.byte	0
 1187 0084 0B       		.uleb128 0xb
 1188 0085 0B       		.uleb128 0xb
 1189 0086 49       		.uleb128 0x49
 1190 0087 13       		.uleb128 0x13
 1191 0088 00       		.byte	0
 1192 0089 00       		.byte	0
ARM GAS  C:\Users\PRAJWA~1\AppData\Local\Temp\ccjsvwir.s 			page 26


 1193 008a 0D       		.uleb128 0xd
 1194 008b 26       		.uleb128 0x26
 1195 008c 00       		.byte	0
 1196 008d 00       		.byte	0
 1197 008e 00       		.byte	0
 1198 008f 0E       		.uleb128 0xe
 1199 0090 04       		.uleb128 0x4
 1200 0091 01       		.byte	0x1
 1201 0092 0B       		.uleb128 0xb
 1202 0093 0B       		.uleb128 0xb
 1203 0094 49       		.uleb128 0x49
 1204 0095 13       		.uleb128 0x13
 1205 0096 3A       		.uleb128 0x3a
 1206 0097 0B       		.uleb128 0xb
 1207 0098 3B       		.uleb128 0x3b
 1208 0099 0B       		.uleb128 0xb
 1209 009a 01       		.uleb128 0x1
 1210 009b 13       		.uleb128 0x13
 1211 009c 00       		.byte	0
 1212 009d 00       		.byte	0
 1213 009e 0F       		.uleb128 0xf
 1214 009f 28       		.uleb128 0x28
 1215 00a0 00       		.byte	0
 1216 00a1 03       		.uleb128 0x3
 1217 00a2 0E       		.uleb128 0xe
 1218 00a3 1C       		.uleb128 0x1c
 1219 00a4 0B       		.uleb128 0xb
 1220 00a5 00       		.byte	0
 1221 00a6 00       		.byte	0
 1222 00a7 10       		.uleb128 0x10
 1223 00a8 16       		.uleb128 0x16
 1224 00a9 00       		.byte	0
 1225 00aa 03       		.uleb128 0x3
 1226 00ab 0E       		.uleb128 0xe
 1227 00ac 3A       		.uleb128 0x3a
 1228 00ad 0B       		.uleb128 0xb
 1229 00ae 3B       		.uleb128 0x3b
 1230 00af 0B       		.uleb128 0xb
 1231 00b0 49       		.uleb128 0x49
 1232 00b1 13       		.uleb128 0x13
 1233 00b2 00       		.byte	0
 1234 00b3 00       		.byte	0
 1235 00b4 11       		.uleb128 0x11
 1236 00b5 2E       		.uleb128 0x2e
 1237 00b6 01       		.byte	0x1
 1238 00b7 3F       		.uleb128 0x3f
 1239 00b8 19       		.uleb128 0x19
 1240 00b9 03       		.uleb128 0x3
 1241 00ba 0E       		.uleb128 0xe
 1242 00bb 3A       		.uleb128 0x3a
 1243 00bc 0B       		.uleb128 0xb
 1244 00bd 3B       		.uleb128 0x3b
 1245 00be 0B       		.uleb128 0xb
 1246 00bf 27       		.uleb128 0x27
 1247 00c0 19       		.uleb128 0x19
 1248 00c1 11       		.uleb128 0x11
 1249 00c2 01       		.uleb128 0x1
ARM GAS  C:\Users\PRAJWA~1\AppData\Local\Temp\ccjsvwir.s 			page 27


 1250 00c3 12       		.uleb128 0x12
 1251 00c4 06       		.uleb128 0x6
 1252 00c5 40       		.uleb128 0x40
 1253 00c6 18       		.uleb128 0x18
 1254 00c7 9742     		.uleb128 0x2117
 1255 00c9 19       		.uleb128 0x19
 1256 00ca 01       		.uleb128 0x1
 1257 00cb 13       		.uleb128 0x13
 1258 00cc 00       		.byte	0
 1259 00cd 00       		.byte	0
 1260 00ce 12       		.uleb128 0x12
 1261 00cf 34       		.uleb128 0x34
 1262 00d0 00       		.byte	0
 1263 00d1 03       		.uleb128 0x3
 1264 00d2 0E       		.uleb128 0xe
 1265 00d3 3A       		.uleb128 0x3a
 1266 00d4 0B       		.uleb128 0xb
 1267 00d5 3B       		.uleb128 0x3b
 1268 00d6 0B       		.uleb128 0xb
 1269 00d7 49       		.uleb128 0x49
 1270 00d8 13       		.uleb128 0x13
 1271 00d9 00       		.byte	0
 1272 00da 00       		.byte	0
 1273 00db 13       		.uleb128 0x13
 1274 00dc 2E       		.uleb128 0x2e
 1275 00dd 01       		.byte	0x1
 1276 00de 3F       		.uleb128 0x3f
 1277 00df 19       		.uleb128 0x19
 1278 00e0 03       		.uleb128 0x3
 1279 00e1 0E       		.uleb128 0xe
 1280 00e2 3A       		.uleb128 0x3a
 1281 00e3 0B       		.uleb128 0xb
 1282 00e4 3B       		.uleb128 0x3b
 1283 00e5 0B       		.uleb128 0xb
 1284 00e6 27       		.uleb128 0x27
 1285 00e7 19       		.uleb128 0x19
 1286 00e8 49       		.uleb128 0x49
 1287 00e9 13       		.uleb128 0x13
 1288 00ea 11       		.uleb128 0x11
 1289 00eb 01       		.uleb128 0x1
 1290 00ec 12       		.uleb128 0x12
 1291 00ed 06       		.uleb128 0x6
 1292 00ee 40       		.uleb128 0x40
 1293 00ef 18       		.uleb128 0x18
 1294 00f0 9742     		.uleb128 0x2117
 1295 00f2 19       		.uleb128 0x19
 1296 00f3 01       		.uleb128 0x1
 1297 00f4 13       		.uleb128 0x13
 1298 00f5 00       		.byte	0
 1299 00f6 00       		.byte	0
 1300 00f7 14       		.uleb128 0x14
 1301 00f8 34       		.uleb128 0x34
 1302 00f9 00       		.byte	0
 1303 00fa 03       		.uleb128 0x3
 1304 00fb 0E       		.uleb128 0xe
 1305 00fc 3A       		.uleb128 0x3a
 1306 00fd 0B       		.uleb128 0xb
ARM GAS  C:\Users\PRAJWA~1\AppData\Local\Temp\ccjsvwir.s 			page 28


 1307 00fe 3B       		.uleb128 0x3b
 1308 00ff 0B       		.uleb128 0xb
 1309 0100 49       		.uleb128 0x49
 1310 0101 13       		.uleb128 0x13
 1311 0102 02       		.uleb128 0x2
 1312 0103 17       		.uleb128 0x17
 1313 0104 00       		.byte	0
 1314 0105 00       		.byte	0
 1315 0106 15       		.uleb128 0x15
 1316 0107 898201   		.uleb128 0x4109
 1317 010a 00       		.byte	0
 1318 010b 11       		.uleb128 0x11
 1319 010c 01       		.uleb128 0x1
 1320 010d 31       		.uleb128 0x31
 1321 010e 13       		.uleb128 0x13
 1322 010f 00       		.byte	0
 1323 0110 00       		.byte	0
 1324 0111 16       		.uleb128 0x16
 1325 0112 34       		.uleb128 0x34
 1326 0113 00       		.byte	0
 1327 0114 03       		.uleb128 0x3
 1328 0115 0E       		.uleb128 0xe
 1329 0116 3A       		.uleb128 0x3a
 1330 0117 0B       		.uleb128 0xb
 1331 0118 3B       		.uleb128 0x3b
 1332 0119 0B       		.uleb128 0xb
 1333 011a 49       		.uleb128 0x49
 1334 011b 13       		.uleb128 0x13
 1335 011c 02       		.uleb128 0x2
 1336 011d 18       		.uleb128 0x18
 1337 011e 00       		.byte	0
 1338 011f 00       		.byte	0
 1339 0120 17       		.uleb128 0x17
 1340 0121 34       		.uleb128 0x34
 1341 0122 00       		.byte	0
 1342 0123 03       		.uleb128 0x3
 1343 0124 0E       		.uleb128 0xe
 1344 0125 3A       		.uleb128 0x3a
 1345 0126 0B       		.uleb128 0xb
 1346 0127 3B       		.uleb128 0x3b
 1347 0128 05       		.uleb128 0x5
 1348 0129 49       		.uleb128 0x49
 1349 012a 13       		.uleb128 0x13
 1350 012b 3F       		.uleb128 0x3f
 1351 012c 19       		.uleb128 0x19
 1352 012d 3C       		.uleb128 0x3c
 1353 012e 19       		.uleb128 0x19
 1354 012f 00       		.byte	0
 1355 0130 00       		.byte	0
 1356 0131 18       		.uleb128 0x18
 1357 0132 26       		.uleb128 0x26
 1358 0133 00       		.byte	0
 1359 0134 49       		.uleb128 0x49
 1360 0135 13       		.uleb128 0x13
 1361 0136 00       		.byte	0
 1362 0137 00       		.byte	0
 1363 0138 19       		.uleb128 0x19
ARM GAS  C:\Users\PRAJWA~1\AppData\Local\Temp\ccjsvwir.s 			page 29


 1364 0139 2E       		.uleb128 0x2e
 1365 013a 00       		.byte	0
 1366 013b 3F       		.uleb128 0x3f
 1367 013c 19       		.uleb128 0x19
 1368 013d 3C       		.uleb128 0x3c
 1369 013e 19       		.uleb128 0x19
 1370 013f 6E       		.uleb128 0x6e
 1371 0140 0E       		.uleb128 0xe
 1372 0141 03       		.uleb128 0x3
 1373 0142 0E       		.uleb128 0xe
 1374 0143 3A       		.uleb128 0x3a
 1375 0144 0B       		.uleb128 0xb
 1376 0145 3B       		.uleb128 0x3b
 1377 0146 0B       		.uleb128 0xb
 1378 0147 00       		.byte	0
 1379 0148 00       		.byte	0
 1380 0149 00       		.byte	0
 1381              		.section	.debug_loc,"",%progbits
 1382              	.Ldebug_loc0:
 1383              	.LLST0:
 1384 0000 12000000 		.4byte	.LVL3
 1385 0004 1B000000 		.4byte	.LVL4-1
 1386 0008 0100     		.2byte	0x1
 1387 000a 50       		.byte	0x50
 1388 000b 76000000 		.4byte	.LVL19
 1389 000f 8F000000 		.4byte	.LVL20-1
 1390 0013 0100     		.2byte	0x1
 1391 0015 50       		.byte	0x50
 1392 0016 E0000000 		.4byte	.LVL29
 1393 001a F5000000 		.4byte	.LVL30-1
 1394 001e 0100     		.2byte	0x1
 1395 0020 50       		.byte	0x50
 1396 0021 00000000 		.4byte	0
 1397 0025 00000000 		.4byte	0
 1398              	.LLST1:
 1399 0029 A6000000 		.4byte	.LVL22
 1400 002d CE000000 		.4byte	.LVL25
 1401 0031 0100     		.2byte	0x1
 1402 0033 53       		.byte	0x53
 1403 0034 00000000 		.4byte	0
 1404 0038 00000000 		.4byte	0
 1405              	.LLST2:
 1406 003c AC000000 		.4byte	.LVL23
 1407 0040 D8000000 		.4byte	.LVL27
 1408 0044 0100     		.2byte	0x1
 1409 0046 52       		.byte	0x52
 1410 0047 00000000 		.4byte	0
 1411 004b 00000000 		.4byte	0
 1412              	.LLST3:
 1413 004f 02000000 		.4byte	.LVL1
 1414 0053 06000000 		.4byte	.LVL2
 1415 0057 0200     		.2byte	0x2
 1416 0059 30       		.byte	0x30
 1417 005a 9F       		.byte	0x9f
 1418 005b 06000000 		.4byte	.LVL2
 1419 005f 34000000 		.4byte	.LVL6
 1420 0063 0100     		.2byte	0x1
ARM GAS  C:\Users\PRAJWA~1\AppData\Local\Temp\ccjsvwir.s 			page 30


 1421 0065 56       		.byte	0x56
 1422 0066 34000000 		.4byte	.LVL6
 1423 006a 38000000 		.4byte	.LVL7
 1424 006e 0200     		.2byte	0x2
 1425 0070 31       		.byte	0x31
 1426 0071 9F       		.byte	0x9f
 1427 0072 38000000 		.4byte	.LVL7
 1428 0076 3E000000 		.4byte	.LVL8
 1429 007a 0100     		.2byte	0x1
 1430 007c 56       		.byte	0x56
 1431 007d 3E000000 		.4byte	.LVL8
 1432 0081 42000000 		.4byte	.LVL9
 1433 0085 0200     		.2byte	0x2
 1434 0087 31       		.byte	0x31
 1435 0088 9F       		.byte	0x9f
 1436 0089 42000000 		.4byte	.LVL9
 1437 008d 4C000000 		.4byte	.LVL11
 1438 0091 0100     		.2byte	0x1
 1439 0093 56       		.byte	0x56
 1440 0094 4C000000 		.4byte	.LVL11
 1441 0098 52000000 		.4byte	.LVL12
 1442 009c 0200     		.2byte	0x2
 1443 009e 31       		.byte	0x31
 1444 009f 9F       		.byte	0x9f
 1445 00a0 52000000 		.4byte	.LVL12
 1446 00a4 58000000 		.4byte	.LVL13
 1447 00a8 0100     		.2byte	0x1
 1448 00aa 56       		.byte	0x56
 1449 00ab 58000000 		.4byte	.LVL13
 1450 00af 5C000000 		.4byte	.LVL14
 1451 00b3 0200     		.2byte	0x2
 1452 00b5 31       		.byte	0x31
 1453 00b6 9F       		.byte	0x9f
 1454 00b7 5C000000 		.4byte	.LVL14
 1455 00bb 62000000 		.4byte	.LVL15
 1456 00bf 0100     		.2byte	0x1
 1457 00c1 56       		.byte	0x56
 1458 00c2 62000000 		.4byte	.LVL15
 1459 00c6 66000000 		.4byte	.LVL16
 1460 00ca 0200     		.2byte	0x2
 1461 00cc 31       		.byte	0x31
 1462 00cd 9F       		.byte	0x9f
 1463 00ce 66000000 		.4byte	.LVL16
 1464 00d2 6C000000 		.4byte	.LVL17
 1465 00d6 0100     		.2byte	0x1
 1466 00d8 56       		.byte	0x56
 1467 00d9 6C000000 		.4byte	.LVL17
 1468 00dd 6E000000 		.4byte	.LVL18
 1469 00e1 0200     		.2byte	0x2
 1470 00e3 30       		.byte	0x30
 1471 00e4 9F       		.byte	0x9f
 1472 00e5 6E000000 		.4byte	.LVL18
 1473 00e9 90000000 		.4byte	.LVL20
 1474 00ed 0100     		.2byte	0x1
 1475 00ef 56       		.byte	0x56
 1476 00f0 90000000 		.4byte	.LVL20
 1477 00f4 92000000 		.4byte	.LVL21
ARM GAS  C:\Users\PRAJWA~1\AppData\Local\Temp\ccjsvwir.s 			page 31


 1478 00f8 0200     		.2byte	0x2
 1479 00fa 30       		.byte	0x30
 1480 00fb 9F       		.byte	0x9f
 1481 00fc 92000000 		.4byte	.LVL21
 1482 0100 F8000000 		.4byte	.LVL32
 1483 0104 0100     		.2byte	0x1
 1484 0106 56       		.byte	0x56
 1485 0107 00000000 		.4byte	0
 1486 010b 00000000 		.4byte	0
 1487              	.LLST4:
 1488 010f 22000000 		.4byte	.LVL5
 1489 0113 C4000000 		.4byte	.LVL24
 1490 0117 0100     		.2byte	0x1
 1491 0119 54       		.byte	0x54
 1492 011a 00000000 		.4byte	0
 1493 011e 00000000 		.4byte	0
 1494              	.LLST5:
 1495 0122 02000000 		.4byte	.LVL1
 1496 0126 06000000 		.4byte	.LVL2
 1497 012a 0200     		.2byte	0x2
 1498 012c 30       		.byte	0x30
 1499 012d 9F       		.byte	0x9f
 1500 012e 06000000 		.4byte	.LVL2
 1501 0132 46000000 		.4byte	.LVL10
 1502 0136 0100     		.2byte	0x1
 1503 0138 55       		.byte	0x55
 1504 0139 46000000 		.4byte	.LVL10
 1505 013d 52000000 		.4byte	.LVL12
 1506 0141 0200     		.2byte	0x2
 1507 0143 31       		.byte	0x31
 1508 0144 9F       		.byte	0x9f
 1509 0145 52000000 		.4byte	.LVL12
 1510 0149 F8000000 		.4byte	.LVL31
 1511 014d 0100     		.2byte	0x1
 1512 014f 55       		.byte	0x55
 1513 0150 F8000000 		.4byte	.LVL31
 1514 0154 10010000 		.4byte	.LFE2
 1515 0158 0100     		.2byte	0x1
 1516 015a 50       		.byte	0x50
 1517 015b 00000000 		.4byte	0
 1518 015f 00000000 		.4byte	0
 1519              	.LLST6:
 1520 0163 D4000000 		.4byte	.LVL26
 1521 0167 F6000000 		.4byte	.LVL30
 1522 016b 0100     		.2byte	0x1
 1523 016d 54       		.byte	0x54
 1524 016e 00000000 		.4byte	0
 1525 0172 00000000 		.4byte	0
 1526              		.section	.debug_aranges,"",%progbits
 1527 0000 24000000 		.4byte	0x24
 1528 0004 0200     		.2byte	0x2
 1529 0006 00000000 		.4byte	.Ldebug_info0
 1530 000a 04       		.byte	0x4
 1531 000b 00       		.byte	0
 1532 000c 0000     		.2byte	0
 1533 000e 0000     		.2byte	0
 1534 0010 00000000 		.4byte	.LFB1
ARM GAS  C:\Users\PRAJWA~1\AppData\Local\Temp\ccjsvwir.s 			page 32


 1535 0014 14000000 		.4byte	.LFE1-.LFB1
 1536 0018 00000000 		.4byte	.LFB2
 1537 001c 10010000 		.4byte	.LFE2-.LFB2
 1538 0020 00000000 		.4byte	0
 1539 0024 00000000 		.4byte	0
 1540              		.section	.debug_ranges,"",%progbits
 1541              	.Ldebug_ranges0:
 1542 0000 00000000 		.4byte	.LFB1
 1543 0004 14000000 		.4byte	.LFE1
 1544 0008 00000000 		.4byte	.LFB2
 1545 000c 10010000 		.4byte	.LFE2
 1546 0010 00000000 		.4byte	0
 1547 0014 00000000 		.4byte	0
 1548              		.section	.debug_line,"",%progbits
 1549              	.Ldebug_line0:
 1550 0000 2C010000 		.section	.debug_str,"MS",%progbits,1
 1550      0200C800 
 1550      00000201 
 1550      FB0E0D00 
 1550      01010101 
 1551              	.LASF10:
 1552 0000 75696E74 		.ascii	"uint16\000"
 1552      313600
 1553              	.LASF99:
 1554 0007 43794578 		.ascii	"CyExitCriticalSection\000"
 1554      69744372 
 1554      69746963 
 1554      616C5365 
 1554      6374696F 
 1555              	.LASF83:
 1556 001d 4D75785F 		.ascii	"Mux_CapSense_TU_CMD_RUN_SNR_TEST_E\000"
 1556      43617053 
 1556      656E7365 
 1556      5F54555F 
 1556      434D445F 
 1557              	.LASF101:
 1558 0040 474E5520 		.ascii	"GNU C11 5.4.1 20160609 (release) [ARM/embedded-5-br"
 1558      43313120 
 1558      352E342E 
 1558      31203230 
 1558      31363036 
 1559 0073 616E6368 		.ascii	"anch revision 237715] -mcpu=cortex-m0 -mthumb -g -O"
 1559      20726576 
 1559      6973696F 
 1559      6E203233 
 1559      37373135 
 1560 00a6 67202D66 		.ascii	"g -ffunction-sections -ffat-lto-objects\000"
 1560      66756E63 
 1560      74696F6E 
 1560      2D736563 
 1560      74696F6E 
 1561              	.LASF7:
 1562 00ce 6C6F6E67 		.ascii	"long long unsigned int\000"
 1562      206C6F6E 
 1562      6720756E 
 1562      7369676E 
 1562      65642069 
ARM GAS  C:\Users\PRAJWA~1\AppData\Local\Temp\ccjsvwir.s 			page 33


 1563              	.LASF66:
 1564 00e5 70747232 		.ascii	"ptr2SnsFlash\000"
 1564      536E7346 
 1564      6C617368 
 1564      00
 1565              	.LASF41:
 1566 00f2 64696666 		.ascii	"diff\000"
 1566      00
 1567              	.LASF60:
 1568 00f7 736E7254 		.ascii	"snrTestSensorId\000"
 1568      65737453 
 1568      656E736F 
 1568      72496400 
 1569              	.LASF44:
 1570 0107 4D75785F 		.ascii	"Mux_CapSense_RAM_SNS_STRUCT\000"
 1570      43617053 
 1570      656E7365 
 1570      5F52414D 
 1570      5F534E53 
 1571              	.LASF33:
 1572 0123 706F7343 		.ascii	"posCol\000"
 1572      6F6C00
 1573              	.LASF37:
 1574 012a 6D617472 		.ascii	"matrixbuttons0\000"
 1574      69786275 
 1574      74746F6E 
 1574      733000
 1575              	.LASF6:
 1576 0139 6C6F6E67 		.ascii	"long long int\000"
 1576      206C6F6E 
 1576      6720696E 
 1576      7400
 1577              	.LASF0:
 1578 0147 7369676E 		.ascii	"signed char\000"
 1578      65642063 
 1578      68617200 
 1579              	.LASF82:
 1580 0153 4D75785F 		.ascii	"Mux_CapSense_TU_CMD_RESTART_E\000"
 1580      43617053 
 1580      656E7365 
 1580      5F54555F 
 1580      434D445F 
 1581              	.LASF65:
 1582 0171 4D75785F 		.ascii	"Mux_CapSense_RAM_STRUCT\000"
 1582      43617053 
 1582      656E7365 
 1582      5F52414D 
 1582      5F535452 
 1583              	.LASF87:
 1584 0189 696E7465 		.ascii	"interruptState\000"
 1584      72727570 
 1584      74537461 
 1584      746500
 1585              	.LASF78:
 1586 0198 4D75785F 		.ascii	"Mux_CapSense_FLASH_STRUCT\000"
 1586      43617053 
 1586      656E7365 
ARM GAS  C:\Users\PRAJWA~1\AppData\Local\Temp\ccjsvwir.s 			page 34


 1586      5F464C41 
 1586      53485F53 
 1587              	.LASF18:
 1588 01b2 4D75785F 		.ascii	"Mux_CapSense_LOW_BSLN_RST_TYPE\000"
 1588      43617053 
 1588      656E7365 
 1588      5F4C4F57 
 1588      5F42534C 
 1589              	.LASF54:
 1590 01d1 736E7353 		.ascii	"snsStatus\000"
 1590      74617475 
 1590      7300
 1591              	.LASF4:
 1592 01db 6C6F6E67 		.ascii	"long int\000"
 1592      20696E74 
 1592      00
 1593              	.LASF56:
 1594 01e4 6D6F6443 		.ascii	"modCsdClk\000"
 1594      7364436C 
 1594      6B00
 1595              	.LASF68:
 1596 01ee 70747232 		.ascii	"ptr2SnsRam\000"
 1596      536E7352 
 1596      616D00
 1597              	.LASF79:
 1598 01f9 4D75785F 		.ascii	"Mux_CapSense_TU_CMD_NONE_E\000"
 1598      43617053 
 1598      656E7365 
 1598      5F54555F 
 1598      434D445F 
 1599              	.LASF9:
 1600 0214 75696E74 		.ascii	"uint8\000"
 1600      3800
 1601              	.LASF103:
 1602 021a 433A5C55 		.ascii	"C:\\Users\\Prajwal Trachealth\\Documents\\PSoC Crea"
 1602      73657273 
 1602      5C507261 
 1602      6A77616C 
 1602      20547261 
 1603 0249 746F725C 		.ascii	"tor\\E-Lagori PSoC 11th April 2023\\PSoC CapSense_H"
 1603      452D4C61 
 1603      676F7269 
 1603      2050536F 
 1603      43203131 
 1604 027a 6578546F 		.ascii	"exTouch.cydsn\000"
 1604      7563682E 
 1604      63796473 
 1604      6E00
 1605              	.LASF13:
 1606 0288 646F7562 		.ascii	"double\000"
 1606      6C6500
 1607              	.LASF32:
 1608 028f 726F7753 		.ascii	"rowSnsClkSource\000"
 1608      6E73436C 
 1608      6B536F75 
 1608      72636500 
 1609              	.LASF62:
ARM GAS  C:\Users\PRAJWA~1\AppData\Local\Temp\ccjsvwir.s 			page 35


 1610 029f 736E7254 		.ascii	"snrTestRawCount\000"
 1610      65737452 
 1610      6177436F 
 1610      756E7400 
 1611              	.LASF86:
 1612 02af 4D75785F 		.ascii	"Mux_CapSense_TU_CMD_ENUM\000"
 1612      43617053 
 1612      656E7365 
 1612      5F54555F 
 1612      434D445F 
 1613              	.LASF89:
 1614 02c8 73656E73 		.ascii	"sensorId\000"
 1614      6F724964 
 1614      00
 1615              	.LASF11:
 1616 02d1 75696E74 		.ascii	"uint32\000"
 1616      333200
 1617              	.LASF81:
 1618 02d8 4D75785F 		.ascii	"Mux_CapSense_TU_CMD_RESUME_E\000"
 1618      43617053 
 1618      656E7365 
 1618      5F54555F 
 1618      434D445F 
 1619              	.LASF23:
 1620 02f5 68797374 		.ascii	"hysteresis\000"
 1620      65726573 
 1620      697300
 1621              	.LASF100:
 1622 0300 4D75785F 		.ascii	"Mux_CapSense_Start\000"
 1622      43617053 
 1622      656E7365 
 1622      5F537461 
 1622      727400
 1623              	.LASF64:
 1624 0313 7363616E 		.ascii	"scanCurrentISC\000"
 1624      43757272 
 1624      656E7449 
 1624      534300
 1625              	.LASF40:
 1626 0322 62736C6E 		.ascii	"bslnExt\000"
 1626      45787400 
 1627              	.LASF90:
 1628 032a 75706461 		.ascii	"updateFlag\000"
 1628      7465466C 
 1628      616700
 1629              	.LASF75:
 1630 0335 6E756D52 		.ascii	"numRows\000"
 1630      6F777300 
 1631              	.LASF53:
 1632 033d 77646774 		.ascii	"wdgtStatus\000"
 1632      53746174 
 1632      757300
 1633              	.LASF76:
 1634 0348 4D75785F 		.ascii	"Mux_CapSense_FLASH_WD_STRUCT\000"
 1634      43617053 
 1634      656E7365 
 1634      5F464C41 
ARM GAS  C:\Users\PRAJWA~1\AppData\Local\Temp\ccjsvwir.s 			page 36


 1634      53485F57 
 1635              	.LASF39:
 1636 0365 62736C6E 		.ascii	"bsln\000"
 1636      00
 1637              	.LASF8:
 1638 036a 756E7369 		.ascii	"unsigned int\000"
 1638      676E6564 
 1638      20696E74 
 1638      00
 1639              	.LASF35:
 1640 0377 706F7353 		.ascii	"posSnsId\000"
 1640      6E734964 
 1640      00
 1641              	.LASF59:
 1642 0380 736E7254 		.ascii	"snrTestWidgetId\000"
 1642      65737457 
 1642      69646765 
 1642      74496400 
 1643              	.LASF91:
 1644 0390 636F6D6D 		.ascii	"command\000"
 1644      616E6400 
 1645              	.LASF63:
 1646 0398 7363616E 		.ascii	"scanCsdISC\000"
 1646      43736449 
 1646      534300
 1647              	.LASF5:
 1648 03a3 6C6F6E67 		.ascii	"long unsigned int\000"
 1648      20756E73 
 1648      69676E65 
 1648      6420696E 
 1648      7400
 1649              	.LASF52:
 1650 03b5 77646774 		.ascii	"wdgtEnable\000"
 1650      456E6162 
 1650      6C6500
 1651              	.LASF98:
 1652 03c0 4379456E 		.ascii	"CyEnterCriticalSection\000"
 1652      74657243 
 1652      72697469 
 1652      63616C53 
 1652      65637469 
 1653              	.LASF25:
 1654 03d7 6C6F7742 		.ascii	"lowBslnRst\000"
 1654      736C6E52 
 1654      737400
 1655              	.LASF94:
 1656 03e2 70747253 		.ascii	"ptrSnsTmp\000"
 1656      6E73546D 
 1656      7000
 1657              	.LASF3:
 1658 03ec 73686F72 		.ascii	"short unsigned int\000"
 1658      7420756E 
 1658      7369676E 
 1658      65642069 
 1658      6E7400
 1659              	.LASF97:
 1660 03ff 4D75785F 		.ascii	"Mux_CapSense_dsFlash\000"
ARM GAS  C:\Users\PRAJWA~1\AppData\Local\Temp\ccjsvwir.s 			page 37


 1660      43617053 
 1660      656E7365 
 1660      5F647346 
 1660      6C617368 
 1661              	.LASF58:
 1662 0414 736E734C 		.ascii	"snsList\000"
 1662      69737400 
 1663              	.LASF46:
 1664 041c 636F6E66 		.ascii	"configId\000"
 1664      69674964 
 1664      00
 1665              	.LASF55:
 1666 0425 63736430 		.ascii	"csd0Config\000"
 1666      436F6E66 
 1666      696700
 1667              	.LASF67:
 1668 0430 70747232 		.ascii	"ptr2WdgtRam\000"
 1668      57646774 
 1668      52616D00 
 1669              	.LASF34:
 1670 043c 706F7352 		.ascii	"posRow\000"
 1670      6F7700
 1671              	.LASF47:
 1672 0443 64657669 		.ascii	"deviceId\000"
 1672      63654964 
 1672      00
 1673              	.LASF102:
 1674 044c 47656E65 		.ascii	"Generated_Source\\PSoC4\\Mux_CapSense_Tuner.c\000"
 1674      72617465 
 1674      645F536F 
 1674      75726365 
 1674      5C50536F 
 1675              	.LASF36:
 1676 0478 4D75785F 		.ascii	"Mux_CapSense_RAM_WD_CSD_MATRIX_STRUCT\000"
 1676      43617053 
 1676      656E7365 
 1676      5F52414D 
 1676      5F57445F 
 1677              	.LASF88:
 1678 049e 77696467 		.ascii	"widgetId\000"
 1678      65744964 
 1678      00
 1679              	.LASF26:
 1680 04a7 69646163 		.ascii	"idacMod\000"
 1680      4D6F6400 
 1681              	.LASF74:
 1682 04af 6E756D43 		.ascii	"numCols\000"
 1682      6F6C7300 
 1683              	.LASF16:
 1684 04b7 73697A65 		.ascii	"sizetype\000"
 1684      74797065 
 1684      00
 1685              	.LASF15:
 1686 04c0 6C6F6E67 		.ascii	"long double\000"
 1686      20646F75 
 1686      626C6500 
 1687              	.LASF84:
ARM GAS  C:\Users\PRAJWA~1\AppData\Local\Temp\ccjsvwir.s 			page 38


 1688 04cc 4D75785F 		.ascii	"Mux_CapSense_TU_CMD_PING_E\000"
 1688      43617053 
 1688      656E7365 
 1688      5F54555F 
 1688      434D445F 
 1689              	.LASF71:
 1690 04e7 73746174 		.ascii	"staticConfig\000"
 1690      6963436F 
 1690      6E666967 
 1690      00
 1691              	.LASF22:
 1692 04f4 6E4E6F69 		.ascii	"nNoiseTh\000"
 1692      73655468 
 1692      00
 1693              	.LASF96:
 1694 04fd 4D75785F 		.ascii	"Mux_CapSense_dsRam\000"
 1694      43617053 
 1694      656E7365 
 1694      5F647352 
 1694      616D00
 1695              	.LASF48:
 1696 0510 6877436C 		.ascii	"hwClock\000"
 1696      6F636B00 
 1697              	.LASF73:
 1698 0518 77646774 		.ascii	"wdgtType\000"
 1698      54797065 
 1698      00
 1699              	.LASF50:
 1700 0521 7363616E 		.ascii	"scanCounter\000"
 1700      436F756E 
 1700      74657200 
 1701              	.LASF49:
 1702 052d 74756E65 		.ascii	"tunerCmd\000"
 1702      72436D64 
 1702      00
 1703              	.LASF12:
 1704 0536 666C6F61 		.ascii	"float\000"
 1704      7400
 1705              	.LASF27:
 1706 053c 726F7749 		.ascii	"rowIdacMod\000"
 1706      6461634D 
 1706      6F6400
 1707              	.LASF1:
 1708 0547 756E7369 		.ascii	"unsigned char\000"
 1708      676E6564 
 1708      20636861 
 1708      7200
 1709              	.LASF2:
 1710 0555 73686F72 		.ascii	"short int\000"
 1710      7420696E 
 1710      7400
 1711              	.LASF69:
 1712 055f 70747232 		.ascii	"ptr2FltrHistory\000"
 1712      466C7472 
 1712      48697374 
 1712      6F727900 
 1713              	.LASF28:
ARM GAS  C:\Users\PRAJWA~1\AppData\Local\Temp\ccjsvwir.s 			page 39


 1714 056f 69646163 		.ascii	"idacGainIndex\000"
 1714      4761696E 
 1714      496E6465 
 1714      7800
 1715              	.LASF30:
 1716 057d 726F7753 		.ascii	"rowSnsClk\000"
 1716      6E73436C 
 1716      6B00
 1717              	.LASF92:
 1718 0587 74756E65 		.ascii	"tunerStatus\000"
 1718      72537461 
 1718      74757300 
 1719              	.LASF19:
 1720 0593 7265736F 		.ascii	"resolution\000"
 1720      6C757469 
 1720      6F6E00
 1721              	.LASF38:
 1722 059e 4D75785F 		.ascii	"Mux_CapSense_RAM_WD_LIST_STRUCT\000"
 1722      43617053 
 1722      656E7365 
 1722      5F52414D 
 1722      5F57445F 
 1723              	.LASF57:
 1724 05be 77646774 		.ascii	"wdgtList\000"
 1724      4C697374 
 1724      00
 1725              	.LASF85:
 1726 05c7 4D75785F 		.ascii	"Mux_CapSense_TU_CMD_ONE_SCAN_E\000"
 1726      43617053 
 1726      656E7365 
 1726      5F54555F 
 1726      434D445F 
 1727              	.LASF14:
 1728 05e6 63686172 		.ascii	"char\000"
 1728      00
 1729              	.LASF29:
 1730 05eb 736E7343 		.ascii	"snsClk\000"
 1730      6C6B00
 1731              	.LASF45:
 1732 05f2 4D75785F 		.ascii	"Mux_CapSense_RAM_SNS_LIST_STRUCT\000"
 1732      43617053 
 1732      656E7365 
 1732      5F52414D 
 1732      5F534E53 
 1733              	.LASF24:
 1734 0613 6F6E4465 		.ascii	"onDebounce\000"
 1734      626F756E 
 1734      636500
 1735              	.LASF80:
 1736 061e 4D75785F 		.ascii	"Mux_CapSense_TU_CMD_SUSPEND_E\000"
 1736      43617053 
 1736      656E7365 
 1736      5F54555F 
 1736      434D445F 
 1737              	.LASF43:
 1738 063c 69646163 		.ascii	"idacComp\000"
 1738      436F6D70 
ARM GAS  C:\Users\PRAJWA~1\AppData\Local\Temp\ccjsvwir.s 			page 40


 1738      00
 1739              	.LASF105:
 1740 0645 4D75785F 		.ascii	"Mux_CapSense_RunTuner\000"
 1740      43617053 
 1740      656E7365 
 1740      5F52756E 
 1740      54756E65 
 1741              	.LASF42:
 1742 065b 6E656742 		.ascii	"negBslnRstCnt\000"
 1742      736C6E52 
 1742      7374436E 
 1742      7400
 1743              	.LASF72:
 1744 0669 746F7461 		.ascii	"totalNumSns\000"
 1744      6C4E756D 
 1744      536E7300 
 1745              	.LASF70:
 1746 0675 70747232 		.ascii	"ptr2DebounceArr\000"
 1746      4465626F 
 1746      756E6365 
 1746      41727200 
 1747              	.LASF95:
 1748 0685 74756E65 		.ascii	"tunerFsm\000"
 1748      7246736D 
 1748      00
 1749              	.LASF17:
 1750 068e 4D75785F 		.ascii	"Mux_CapSense_THRESHOLD_TYPE\000"
 1750      43617053 
 1750      656E7365 
 1750      5F544852 
 1750      4553484F 
 1751              	.LASF51:
 1752 06aa 73746174 		.ascii	"status\000"
 1752      757300
 1753              	.LASF77:
 1754 06b1 77646774 		.ascii	"wdgtArray\000"
 1754      41727261 
 1754      7900
 1755              	.LASF31:
 1756 06bb 736E7343 		.ascii	"snsClkSource\000"
 1756      6C6B536F 
 1756      75726365 
 1756      00
 1757              	.LASF93:
 1758 06c8 70747244 		.ascii	"ptrDsRam\000"
 1758      7352616D 
 1758      00
 1759              	.LASF20:
 1760 06d1 66696E67 		.ascii	"fingerTh\000"
 1760      65725468 
 1760      00
 1761              	.LASF61:
 1762 06da 736E7254 		.ascii	"snrTestScanCounter\000"
 1762      65737453 
 1762      63616E43 
 1762      6F756E74 
 1762      657200
ARM GAS  C:\Users\PRAJWA~1\AppData\Local\Temp\ccjsvwir.s 			page 41


 1763              	.LASF104:
 1764 06ed 4D75785F 		.ascii	"Mux_CapSense_TuInitialize\000"
 1764      43617053 
 1764      656E7365 
 1764      5F547549 
 1764      6E697469 
 1765              	.LASF21:
 1766 0707 6E6F6973 		.ascii	"noiseTh\000"
 1766      65546800 
 1767              		.ident	"GCC: (GNU Tools for ARM Embedded Processors) 5.4.1 20160609 (release) [ARM/embedded-5-bran
