#***************************************************************************

#sjplacer

#Version:            1.1

#Build Date:         Sep  9 2019 11:47:43

#File Generated:     Mar 13 2024 17:59:52

#Purpose:            

#Copyright (C) 2010-2011 by Softjin Technologies Pvt Ltd. All rights reserved.

#***************************************************************************

Executing : C:\Program Files (x86)\Cypress\PSoC Creator\4.4\PSoC Creator\bin/sjplacer.exe --proj-name PSoC CapSense_HexTouch --netlist-vh2 PSoC CapSense_HexTouch_p.vh2 --arch p4_udb2x2 --arch-file C:\Program Files (x86)\Cypress\PSoC Creator\4.4\PSoC Creator\dev\arch/udbdsi_2x2_04.cydata --ip-file C:\Program Files (x86)\Cypress\PSoC Creator\4.4\PSoC Creator\dev\psoc4/4/ip_blocks.cydata --rrg-file C:\Program Files (x86)\Cypress\PSoC Creator\4.4\PSoC Creator\dev\psoc4/4/route_arch-rrg.cydata --irq-file C:\Program Files (x86)\Cypress\PSoC Creator\4.4\PSoC Creator\dev\psoc4/4/irqconn.cydata --drq-file C:\Program Files (x86)\Cypress\PSoC Creator\4.4\PSoC Creator\dev\psoc4/4/triggerconn.cydata --dsi-conn-file C:\Program Files (x86)\Cypress\PSoC Creator\4.4\PSoC Creator\dev\psoc4/4/dsiconn.cydata --pins-file pins_64-TQFP.xml --lib-file PSoC CapSense_HexTouch_p.lib --sdc-file PSoC CapSense_HexTouch.sdc --io-pcf PSoC CapSense_HexTouch.pci --outdir .

		Softjin Techologies Placer, Version 1.1

Build Date : Sep  9 2019	11:45:12

D2004: Option and Settings Summary
=============================================================
Netlist vh2 file          - PSoC CapSense_HexTouch_p.vh2
Architecture file         - C:\Program Files (x86)\Cypress\PSoC Creator\4.4\PSoC Creator\dev\arch/udbdsi_2x2_04.cydata
Package                   - 
Defparam file             - 
SDC file                  - PSoC CapSense_HexTouch.sdc
Output directory          - .
Timing library            - PSoC CapSense_HexTouch_p.lib
IO Placement file         - PSoC CapSense_HexTouch.pci

D2050: Starting reading inputs for placer
=============================================================
D2065: Reading netlist file : "PSoC CapSense_HexTouch_p.vh2"
D2065: Reading arch file : "C:\Program Files (x86)\Cypress\PSoC Creator\4.4\PSoC Creator\dev\arch/udbdsi_2x2_04.cydata"
D2051: Reading of inputs for placer completed successfully

D2053: Starting placement of the design
=============================================================

Phase 2
Phase 3

Design Statistics after Packing
    Number of Combinational MCs 	:	4
    Number of Sequential MCs    	:	6
    Number of DPs               	:	4
    Number of Controls          	:	1
    Number of Status            	:	1
    Number of SyncCells         	:	0
    Number of count7cells       	:	0

Device Utilization Summary after Packing
    Macrocells                  :	10/32
    UDBS                        :	4/4
    IOs                         :	29/51


D2088: Phase 3, elapsed time : 0.0 (sec)

Phase 4
D2088: Phase 4, elapsed time : 0.0 (sec)

Phase 6

######################################################################
Placement Timing Summary

The timing summary is based on estimated routing delays after
placement. For final timing report, please carry out the timing
analysis after routing.
======================================================================

######################################################################
                     Clock Summary 
======================================================================
Number of clocks: 19
Clock: Clock_micros         | Frequency:  27.0 MHz | Target:   2.0 MHz
Clock: CyHFClk              | Frequency: N/A       | Target:  48.0 MHz
Clock: CyILO                | Frequency: N/A       | Target:   0.0 MHz
Clock: CyIMO                | Frequency: N/A       | Target:  48.0 MHz
Clock: CyLFClk              | Frequency: N/A       | Target:   0.0 MHz
Clock: CyRouted1            | Frequency: N/A       | Target:  48.0 MHz
Clock: CySysClk             | Frequency: N/A       | Target:  48.0 MHz
Clock: EZI2C_SCBCLK         | Frequency: N/A       | Target:   8.0 MHz
Clock: EZI2C_SCBCLK(FFB)    | Frequency: N/A       | Target:   8.0 MHz
Clock: Mux_CapSense_ModClk  | Frequency: N/A       | Target:   0.2 MHz
Clock: Mux_CapSense_ModClk(FFB) | Frequency: N/A       | Target:   0.2 MHz
Clock: Mux_CapSense_SnsClk  | Frequency: N/A       | Target:   0.2 MHz
Clock: Mux_CapSense_SnsClk(FFB) | Frequency: N/A       | Target:   0.2 MHz
Clock: SPIM_SCBCLK          | Frequency: N/A       | Target:  16.0 MHz
Clock: SPIM_SCBCLK(FFB)     | Frequency: N/A       | Target:  16.0 MHz
Clock: SPI_Master_SCBCLK    | Frequency: N/A       | Target:   8.0 MHz
Clock: SPI_Master_SCBCLK(FFB) | Frequency: N/A       | Target:   8.0 MHz
Clock: UART_SCBCLK          | Frequency: N/A       | Target:   1.4 MHz
Clock: UART_SCBCLK(FFB)     | Frequency: N/A       | Target:   1.4 MHz

======================================================================
                     End of Clock Summary
######################################################################

D2088: Phase 6, elapsed time : 0.0 (sec)

Phase 7
######################################################################
                     Clock Summary 
======================================================================
Number of clocks: 19
Clock: Clock_micros         | Frequency:  27.0 MHz | Target:   2.0 MHz
Clock: CyHFClk              | Frequency: N/A       | Target:  48.0 MHz
Clock: CyILO                | Frequency: N/A       | Target:   0.0 MHz
Clock: CyIMO                | Frequency: N/A       | Target:  48.0 MHz
Clock: CyLFClk              | Frequency: N/A       | Target:   0.0 MHz
Clock: CyRouted1            | Frequency: N/A       | Target:  48.0 MHz
Clock: CySysClk             | Frequency: N/A       | Target:  48.0 MHz
Clock: EZI2C_SCBCLK         | Frequency: N/A       | Target:   8.0 MHz
Clock: EZI2C_SCBCLK(FFB)    | Frequency: N/A       | Target:   8.0 MHz
Clock: Mux_CapSense_ModClk  | Frequency: N/A       | Target:   0.2 MHz
Clock: Mux_CapSense_ModClk(FFB) | Frequency: N/A       | Target:   0.2 MHz
Clock: Mux_CapSense_SnsClk  | Frequency: N/A       | Target:   0.2 MHz
Clock: Mux_CapSense_SnsClk(FFB) | Frequency: N/A       | Target:   0.2 MHz
Clock: SPIM_SCBCLK          | Frequency: N/A       | Target:  16.0 MHz
Clock: SPIM_SCBCLK(FFB)     | Frequency: N/A       | Target:  16.0 MHz
Clock: SPI_Master_SCBCLK    | Frequency: N/A       | Target:   8.0 MHz
Clock: SPI_Master_SCBCLK(FFB) | Frequency: N/A       | Target:   8.0 MHz
Clock: UART_SCBCLK          | Frequency: N/A       | Target:   1.4 MHz
Clock: UART_SCBCLK(FFB)     | Frequency: N/A       | Target:   1.4 MHz

======================================================================
                     End of Clock Summary
######################################################################
D2088: Phase 7, elapsed time : 0.1 (sec)

Final Design Statistics
    Number of Combinational MCs 	:	4
    Number of Sequential MCs    	:	6
    Number of DPs               	:	4
    Number of Controls          	:	1
    Number of Status            	:	1
    Number of SyncCells         	:	0
    Number of count7cells       	:	0
    Number of IOs       	:	29

Device Utilization Summary
    Macrocells                  :	10/32
    IOs                         :	29/51



######################################################################
Placement Timing Summary

The timing summary is based on estimated routing delays after
placement. For final timing report, please carry out the timing
analysis after routing.
======================================================================


######################################################################
                     Clock Summary 
======================================================================
Number of clocks: 19
Clock: Clock_micros         | Frequency:  27.0 MHz | Target:   2.2 MHz
Clock: CyHFClk              | Frequency: N/A       | Target:  48.0 MHz
Clock: CyILO                | Frequency: N/A       | Target:   0.0 MHz
Clock: CyIMO                | Frequency: N/A       | Target:  48.0 MHz
Clock: CyLFClk              | Frequency: N/A       | Target:   0.0 MHz
Clock: CyRouted1            | Frequency: N/A       | Target:  48.0 MHz
Clock: CySysClk             | Frequency: N/A       | Target:  48.0 MHz
Clock: EZI2C_SCBCLK         | Frequency: N/A       | Target:   8.0 MHz
Clock: EZI2C_SCBCLK(FFB)    | Frequency: N/A       | Target:   8.0 MHz
Clock: Mux_CapSense_ModClk  | Frequency: N/A       | Target:   0.2 MHz
Clock: Mux_CapSense_ModClk(FFB) | Frequency: N/A       | Target:   0.2 MHz
Clock: Mux_CapSense_SnsClk  | Frequency: N/A       | Target:   0.2 MHz
Clock: Mux_CapSense_SnsClk(FFB) | Frequency: N/A       | Target:   0.2 MHz
Clock: SPIM_SCBCLK          | Frequency: N/A       | Target:  16.0 MHz
Clock: SPIM_SCBCLK(FFB)     | Frequency: N/A       | Target:  16.0 MHz
Clock: SPI_Master_SCBCLK    | Frequency: N/A       | Target:   8.0 MHz
Clock: SPI_Master_SCBCLK(FFB) | Frequency: N/A       | Target:   8.0 MHz
Clock: UART_SCBCLK          | Frequency: N/A       | Target:   1.4 MHz
Clock: UART_SCBCLK(FFB)     | Frequency: N/A       | Target:   1.4 MHz

======================================================================
                     End of Clock Summary
######################################################################

Phase 8
D2088: Phase 8, elapsed time : 0.0 (sec)

D2054: Placement of the design completed successfully

I2076: Total run-time: 0.6 sec.

